2026-06-18 05:00:41,596 - MainThread - sqlmesh.core.config.connection - INFO - Creating new DuckDB adapter for in-memory database (connection.py:503)
2026-06-18 05:00:46,547 - MainThread - sqlmesh.core.plan.evaluator - INFO - Evaluating plan stage CreateSnapshotRecordsStage (evaluator.py:123)
2026-06-18 05:00:46,763 - MainThread - sqlmesh.core.plan.evaluator - INFO - Evaluating plan stage PhysicalLayerSchemaCreationStage (evaluator.py:123)
2026-06-18 05:00:46,766 - ThreadPoolExecutor-1_0 - sqlmesh.core.snapshot.evaluator - INFO - Creating schema 'postgres.sqlmesh__marts' (evaluator.py:1468)
2026-06-18 05:00:46,766 - ThreadPoolExecutor-1_1 - sqlmesh.core.snapshot.evaluator - INFO - Creating schema 'postgres.sqlmesh__sqlmesh' (evaluator.py:1468)
2026-06-18 05:00:46,766 - ThreadPoolExecutor-1_2 - sqlmesh.core.snapshot.evaluator - INFO - Creating schema 'postgres.sqlmesh__sqlmesh_example' (evaluator.py:1468)
2026-06-18 05:00:47,026 - ThreadPoolExecutor-1_0 - sqlmesh.core.engine_adapter.base - INFO - Executing SQL: /* SQLMESH_PLAN: bd41b03380ef473b84c78e3dbe05b3f9 */ CREATE SCHEMA IF NOT EXISTS "sqlmesh__marts" (base.py:2629)
2026-06-18 05:00:47,271 - ThreadPoolExecutor-1_1 - sqlmesh.core.engine_adapter.base - INFO - Executing SQL: /* SQLMESH_PLAN: bd41b03380ef473b84c78e3dbe05b3f9 */ CREATE SCHEMA IF NOT EXISTS "sqlmesh__sqlmesh" (base.py:2629)
2026-06-18 05:00:47,534 - ThreadPoolExecutor-1_2 - sqlmesh.core.engine_adapter.base - INFO - Executing SQL: /* SQLMESH_PLAN: bd41b03380ef473b84c78e3dbe05b3f9 */ CREATE SCHEMA IF NOT EXISTS "sqlmesh__sqlmesh_example" (base.py:2629)
2026-06-18 05:00:47,651 - MainThread - sqlmesh.core.plan.evaluator - INFO - Evaluating plan stage BackfillStage (evaluator.py:123)
2026-06-18 05:00:47,663 - ThreadPoolExecutor-2_0 - sqlmesh.core.snapshot.evaluator - INFO - Listing data objects in schema postgres.sqlmesh__marts (evaluator.py:1635)
2026-06-18 05:00:47,923 - ThreadPoolExecutor-2_0 - sqlmesh.core.engine_adapter.base - INFO - Executing SQL: /* SQLMESH_PLAN: bd41b03380ef473b84c78e3dbe05b3f9 */ SELECT current_catalog (base.py:2629)
2026-06-18 05:00:48,154 - ThreadPoolExecutor-3_0 - sqlmesh.core.snapshot.evaluator - INFO - Evaluating snapshot SnapshotId<"postgres"."marts"."fct_wc_group_stage_results": 41011575> (evaluator.py:730)
2026-06-18 05:00:48,393 - ThreadPoolExecutor-3_0 - sqlmesh.core.snapshot.evaluator - INFO - Inserting data for snapshot SnapshotId<"postgres"."marts"."fct_wc_group_stage_results": 41011575> (evaluator.py:971)
2026-06-18 05:00:48,424 - ThreadPoolExecutor-3_0 - sqlmesh.core.snapshot.evaluator - INFO - Inserting batch (2026-06-10 00:00:00, 2026-06-11 00:00:00) into postgres.sqlmesh__marts.marts__fct_wc_group_stage_results__2307886123' (evaluator.py:1003)
2026-06-18 05:00:48,431 - ThreadPoolExecutor-3_0 - sqlmesh.core.engine_adapter.base - INFO - Executing SQL: /* SQLMESH_PLAN: bd41b03380ef473b84c78e3dbe05b3f9 */ SELECT "attname" AS "column_name", "pg_catalog".format_type("atttypid", "atttypmod") AS "data_type" FROM "pg_catalog"."pg_attribute" JOIN "pg_catalog"."pg_class" ON "pg_class"."oid" = "attrelid" JOIN "pg_catalog"."pg_namespace" ON "pg_namespace"."oid" = "relnamespace" WHERE ("attnum" > 0 AND NOT "attisdropped" AND "relname" = 'marts__fct_wc_group_stage_results__2307886123') AND "nspname" = 'sqlmesh__marts' (base.py:2629)
2026-06-18 05:00:48,513 - ThreadPoolExecutor-3_0 - sqlmesh.core.engine_adapter.base - INFO - Executing SQL: /* SQLMESH_PLAN: bd41b03380ef473b84c78e3dbe05b3f9 */ CREATE TABLE IF NOT EXISTS "sqlmesh__marts"."marts__fct_wc_group_stage_results__2307886123" AS WITH "match_outcomes" AS (SELECT "home_team_id" AS "team_id", "score_home" AS "goals_for", "score_away" AS "goals_against", CASE WHEN "score_home" > "score_away" THEN 3 WHEN "score_home" = "score_away" THEN 1 ELSE 0 END AS "points" FROM "postgres"."sqlmesh__sqlmesh"."sqlmesh__stg_wc_matches__876944353" AS "stg_wc_matches" UNION ALL SELECT "away_team_id" AS "team_id", "score_away" AS "goals_for", "score_home" AS "goals_against", CASE WHEN "score_away" > "score_home" THEN 3 WHEN "score_away" = "score_home" THEN 1 ELSE 0 END AS "points" FROM "postgres"."sqlmesh__sqlmesh"."sqlmesh__stg_wc_matches__876944353" AS "stg_wc_matches") SELECT "g"."group_name" AS "group_name", "t"."name" AS "country_name", COUNT(*) AS "games_played", SUM("o"."goals_for") AS "goals_for", SUM("o"."goals_against") AS "goals_against", (SUM("o"."goals_for") - SUM("o"."goals_against")) AS "goal_difference", SUM("o"."points") AS "points" FROM "match_outcomes" AS "o" JOIN "postgres"."sqlmesh__sqlmesh"."sqlmesh__stg_wc_teams__3978885776" AS "t" ON "o"."team_id" = "t"."team_id" JOIN "postgres"."sqlmesh__sqlmesh"."sqlmesh__stg_team_groups__2486787333" AS "g" ON "t"."name" = "g"."team" GROUP BY 1, 2 ORDER BY "group_name" ASC, "points" DESC, "goal_difference" DESC (base.py:2629)
2026-06-18 05:00:48,596 - MainThread - sqlmesh.core.scheduler - INFO - Execution failed for node EvaluateNode(snapshot_name='"postgres"."marts"."fct_wc_group_stage_results"', interval=(1781049600000, 1781136000000), batch_index=0) (scheduler.py:618)
Traceback (most recent call last):
  File "C:\sandbox-pipeline\.venv\Lib\site-packages\sqlmesh\utils\concurrency.py", line 69, in _process_node
    self.fn(node)
  File "C:\sandbox-pipeline\.venv\Lib\site-packages\sqlmesh\core\scheduler.py", line 554, in run_node
    audit_results = self.evaluate(
                    ^^^^^^^^^^^^^^
  File "C:\sandbox-pipeline\.venv\Lib\site-packages\sqlmesh\core\scheduler.py", line 229, in evaluate
    wap_id = self.snapshot_evaluator.evaluate(
             ^^^^^^^^^^^^^^^^^^^^^^^^^^^^^^^^^
  File "C:\sandbox-pipeline\.venv\Lib\site-packages\sqlmesh\core\snapshot\evaluator.py", line 186, in evaluate
    result = self._evaluate_snapshot(
             ^^^^^^^^^^^^^^^^^^^^^^^^
  File "C:\sandbox-pipeline\.venv\Lib\site-packages\sqlmesh\core\snapshot\evaluator.py", line 840, in _evaluate_snapshot
    self._render_and_insert_snapshot(
  File "C:\sandbox-pipeline\.venv\Lib\site-packages\sqlmesh\core\snapshot\evaluator.py", line 1060, in _render_and_insert_snapshot
    apply(query_or_df, index)
  File "C:\sandbox-pipeline\.venv\Lib\site-packages\sqlmesh\core\snapshot\evaluator.py", line 1009, in apply
    evaluation_strategy.insert(
  File "C:\sandbox-pipeline\.venv\Lib\site-packages\sqlmesh\core\snapshot\evaluator.py", line 2480, in insert
    self._replace_query_for_model(model, table_name, query_or_df, render_kwargs, **kwargs)
  File "C:\sandbox-pipeline\.venv\Lib\site-packages\sqlmesh\core\snapshot\evaluator.py", line 2211, in _replace_query_for_model
    self.adapter.replace_query(
  File "C:\sandbox-pipeline\.venv\Lib\site-packages\sqlmesh\core\engine_adapter\shared.py", line 350, in internal_wrapper
    return func(*list_args, **kwargs)
           ^^^^^^^^^^^^^^^^^^^^^^^^^^
  File "C:\sandbox-pipeline\.venv\Lib\site-packages\sqlmesh\core\engine_adapter\base.py", line 529, in replace_query
    return self._create_table_from_source_queries(
           ^^^^^^^^^^^^^^^^^^^^^^^^^^^^^^^^^^^^^^^
  File "C:\sandbox-pipeline\.venv\Lib\site-packages\sqlmesh\core\engine_adapter\base.py", line 939, in _create_table_from_source_queries
    self._create_table(
  File "C:\sandbox-pipeline\.venv\Lib\site-packages\sqlmesh\core\engine_adapter\base.py", line 982, in _create_table
    self.execute(
  File "C:\sandbox-pipeline\.venv\Lib\site-packages\sqlmesh\core\engine_adapter\base.py", line 2606, in execute
    self._execute(sql, track_rows_processed, **kwargs)
  File "C:\sandbox-pipeline\.venv\Lib\site-packages\sqlmesh\core\engine_adapter\base.py", line 2638, in _execute
    self.cursor.execute(sql, **kwargs)
psycopg2.errors.UndefinedColumn: column t.name does not exist
LINE 1: ...."sqlmesh__stg_team_groups__2486787333" AS "g" ON "t"."name"...
                                                             ^


The above exception was the direct cause of the following exception:

sqlmesh.utils.concurrency.NodeExecutionFailedError: Execution failed for node EvaluateNode(snapshot_name='"postgres"."marts"."fct_wc_group_stage_results"', interval=(1781049600000, 1781136000000), batch_index=0)
2026-06-18 05:00:48,609 - MainThread - sqlmesh.core.context - INFO - Plan application failed. (context.py:1816)
Traceback (most recent call last):
  File "C:\sandbox-pipeline\.venv\Lib\site-packages\sqlmesh\core\context.py", line 1808, in apply
    self._apply(plan, circuit_breaker)
  File "C:\sandbox-pipeline\.venv\Lib\site-packages\sqlmesh\core\context.py", line 2602, in _apply
    self._scheduler.create_plan_evaluator(self).evaluate(
  File "C:\sandbox-pipeline\.venv\Lib\site-packages\sqlmesh\core\plan\evaluator.py", line 105, in evaluate
    self._evaluate_stages(plan_stages, plan)
  File "C:\sandbox-pipeline\.venv\Lib\site-packages\sqlmesh\core\plan\evaluator.py", line 125, in _evaluate_stages
    handler(stage, plan)
  File "C:\sandbox-pipeline\.venv\Lib\site-packages\sqlmesh\core\plan\evaluator.py", line 264, in visit_backfill_stage
    raise PlanError("Plan application failed.")
sqlmesh.utils.errors.PlanError: Plan application failed.
2026-06-18 05:00:48,620 - MainThread - root - INFO - Shutting down the event dispatcher (dispatcher.py:159)
