2026-06-11 19:37:30,127 - MainThread - sqlmesh.core.config.connection - INFO - Creating new DuckDB adapter for in-memory database (connection.py:503)
2026-06-11 19:37:36,144 - MainThread - sqlmesh.core.plan.evaluator - INFO - Evaluating plan stage CreateSnapshotRecordsStage (evaluator.py:123)
2026-06-11 19:37:36,345 - MainThread - sqlmesh.core.plan.evaluator - INFO - Evaluating plan stage PhysicalLayerSchemaCreationStage (evaluator.py:123)
2026-06-11 19:37:36,359 - ThreadPoolExecutor-1_0 - sqlmesh.core.snapshot.evaluator - INFO - Creating schema 'postgres.sqlmesh__sqlmesh' (evaluator.py:1468)
2026-06-11 19:37:36,361 - ThreadPoolExecutor-1_1 - sqlmesh.core.snapshot.evaluator - INFO - Creating schema 'postgres.sqlmesh__sqlmesh_example' (evaluator.py:1468)
2026-06-11 19:37:36,611 - ThreadPoolExecutor-1_0 - sqlmesh.core.engine_adapter.base - INFO - Executing SQL: /* SQLMESH_PLAN: f8936410d69542abaa54fd26da120caf */ CREATE SCHEMA IF NOT EXISTS "sqlmesh__sqlmesh" (base.py:2629)
2026-06-11 19:37:36,897 - ThreadPoolExecutor-1_1 - sqlmesh.core.engine_adapter.base - INFO - Executing SQL: /* SQLMESH_PLAN: f8936410d69542abaa54fd26da120caf */ CREATE SCHEMA IF NOT EXISTS "sqlmesh__sqlmesh_example" (base.py:2629)
2026-06-11 19:37:37,026 - MainThread - sqlmesh.core.plan.evaluator - INFO - Evaluating plan stage BackfillStage (evaluator.py:123)
2026-06-11 19:37:37,029 - ThreadPoolExecutor-2_0 - sqlmesh.core.snapshot.evaluator - INFO - Listing data objects in schema postgres.sqlmesh__sqlmesh (evaluator.py:1635)
2026-06-11 19:37:37,278 - ThreadPoolExecutor-2_0 - sqlmesh.core.engine_adapter.base - INFO - Executing SQL: /* SQLMESH_PLAN: f8936410d69542abaa54fd26da120caf */ SELECT current_catalog (base.py:2629)
2026-06-11 19:37:37,527 - ThreadPoolExecutor-3_0 - sqlmesh.core.snapshot.evaluator - INFO - Evaluating snapshot SnapshotId<"postgres"."sqlmesh"."stg_wc_matches": 993422602> (evaluator.py:730)
2026-06-11 19:37:37,530 - ThreadPoolExecutor-3_1 - sqlmesh.core.snapshot.evaluator - INFO - Evaluating snapshot SnapshotId<"postgres"."sqlmesh"."stg_wc_teams": 4234428868> (evaluator.py:730)
2026-06-11 19:37:38,049 - ThreadPoolExecutor-3_1 - sqlmesh.core.snapshot.evaluator - INFO - Inserting data for snapshot SnapshotId<"postgres"."sqlmesh"."stg_wc_teams": 4234428868> (evaluator.py:971)
2026-06-11 19:37:38,056 - ThreadPoolExecutor-3_1 - sqlmesh.core.snapshot.evaluator - INFO - Inserting batch (2026-06-10 00:00:00, 2026-06-11 00:00:00) into postgres.sqlmesh__sqlmesh.sqlmesh__stg_wc_teams__1768726597' (evaluator.py:1003)
2026-06-11 19:37:38,057 - ThreadPoolExecutor-3_0 - sqlmesh.core.snapshot.evaluator - INFO - Inserting data for snapshot SnapshotId<"postgres"."sqlmesh"."stg_wc_matches": 993422602> (evaluator.py:971)
2026-06-11 19:37:38,060 - ThreadPoolExecutor-3_1 - sqlmesh.core.engine_adapter.base - INFO - Executing SQL: /* SQLMESH_PLAN: f8936410d69542abaa54fd26da120caf */ CREATE TABLE IF NOT EXISTS "sqlmesh__sqlmesh"."sqlmesh__stg_wc_teams__1768726597" AS SELECT CAST("team_id" AS INT) AS "team_id", CAST("name" AS VARCHAR) AS "name", CAST("tla" AS VARCHAR) AS "tla", CAST("crest_url" AS TEXT) AS "crest_url" FROM (SELECT CAST("team_id" AS INT) AS "team_id", CAST("name" AS VARCHAR) AS "name", CAST("tla" AS VARCHAR) AS "tla", CAST("crest_url" AS TEXT) AS "crest_url" FROM "postgres"."public"."staging_wc_teams" AS "staging_wc_teams") AS "_subquery" (base.py:2629)
2026-06-11 19:37:38,060 - ThreadPoolExecutor-3_0 - sqlmesh.core.snapshot.evaluator - INFO - Inserting batch (2026-06-10 00:00:00, 2026-06-11 00:00:00) into postgres.sqlmesh__sqlmesh.sqlmesh__stg_wc_matches__876944353' (evaluator.py:1003)
2026-06-11 19:37:38,076 - ThreadPoolExecutor-3_0 - sqlmesh.core.engine_adapter.base - INFO - Executing SQL: /* SQLMESH_PLAN: f8936410d69542abaa54fd26da120caf */ CREATE TABLE IF NOT EXISTS "sqlmesh__sqlmesh"."sqlmesh__stg_wc_matches__876944353" AS SELECT CAST("match_id" AS INT) AS "match_id", CAST("utc_date" AS TIMESTAMP) AS "utc_date", CAST("status" AS VARCHAR) AS "status", CAST("matchday" AS INT) AS "matchday", CAST("stage" AS VARCHAR) AS "stage", CAST("home_team_id" AS INT) AS "home_team_id", CAST("away_team_id" AS INT) AS "away_team_id", CAST("score_home" AS INT) AS "score_home", CAST("score_away" AS INT) AS "score_away" FROM (SELECT CAST("match_id" AS INT) AS "match_id", CAST("utc_date" AS TIMESTAMP) AS "utc_date", CAST("status" AS VARCHAR) AS "status", CAST("matchday" AS INT) AS "matchday", CAST("stage" AS VARCHAR) AS "stage", CAST("home_team_id" AS INT) AS "home_team_id", CAST("away_team_id" AS INT) AS "away_team_id", CAST("score_home" AS INT) AS "score_home", CAST("score_away" AS INT) AS "score_away" FROM "postgres"."public"."staging_wc_matches" AS "staging_wc_matches") AS "_subquery" (base.py:2629)
2026-06-11 19:37:38,711 - ThreadPoolExecutor-3_0 - sqlmesh.core.state_sync.db.facade - INFO - Adding interval (2026-06-10 00:00:00, 2026-06-11 00:00:00) for snapshot SnapshotId<"postgres"."sqlmesh"."stg_wc_matches": 993422602> (facade.py:639)
2026-06-11 19:37:38,711 - ThreadPoolExecutor-3_0 - sqlmesh.core.state_sync.db.interval - INFO - Pushing intervals for snapshot SnapshotId<"postgres"."sqlmesh"."stg_wc_matches": 993422602> (interval.py:215)
2026-06-11 19:37:38,778 - ThreadPoolExecutor-3_1 - sqlmesh.core.state_sync.db.facade - INFO - Adding interval (2026-06-10 00:00:00, 2026-06-11 00:00:00) for snapshot SnapshotId<"postgres"."sqlmesh"."stg_wc_teams": 4234428868> (facade.py:639)
2026-06-11 19:37:38,778 - ThreadPoolExecutor-3_1 - sqlmesh.core.state_sync.db.interval - INFO - Pushing intervals for snapshot SnapshotId<"postgres"."sqlmesh"."stg_wc_teams": 4234428868> (interval.py:215)
2026-06-11 19:37:38,885 - MainThread - sqlmesh.core.plan.evaluator - INFO - Evaluating plan stage EnvironmentRecordUpdateStage (evaluator.py:123)
2026-06-11 19:37:38,957 - MainThread - sqlmesh.core.state_sync.db.facade - INFO - Promoting environment 'prod' (facade.py:167)
2026-06-11 19:37:39,231 - MainThread - sqlmesh.core.plan.evaluator - INFO - Evaluating plan stage UnpauseStage (evaluator.py:123)
2026-06-11 19:37:39,444 - MainThread - sqlmesh.core.plan.evaluator - INFO - Evaluating plan stage VirtualLayerUpdateStage (evaluator.py:123)
2026-06-11 19:37:39,459 - ThreadPoolExecutor-4_0 - sqlmesh.core.snapshot.evaluator - INFO - Creating schema 'postgres.sqlmesh' (evaluator.py:1468)
2026-06-11 19:37:39,712 - ThreadPoolExecutor-4_0 - sqlmesh.core.engine_adapter.base - INFO - Executing SQL: /* SQLMESH_PLAN: f8936410d69542abaa54fd26da120caf */ CREATE SCHEMA IF NOT EXISTS "sqlmesh" (base.py:2629)
2026-06-11 19:37:39,826 - ThreadPoolExecutor-5_0 - sqlmesh.core.snapshot.evaluator - INFO - Listing data objects in schema postgres.sqlmesh (evaluator.py:1635)
2026-06-11 19:37:40,073 - ThreadPoolExecutor-5_0 - sqlmesh.core.engine_adapter.base - INFO - Executing SQL: /* SQLMESH_PLAN: f8936410d69542abaa54fd26da120caf */ SELECT current_catalog (base.py:2629)
2026-06-11 19:37:40,544 - ThreadPoolExecutor-6_0 - sqlmesh.core.snapshot.evaluator - INFO - Updating view 'postgres.sqlmesh.stg_wc_teams' to point at table 'postgres.sqlmesh__sqlmesh.sqlmesh__stg_wc_teams__1768726597' (evaluator.py:2007)
2026-06-11 19:37:40,559 - ThreadPoolExecutor-6_0 - sqlmesh.core.engine_adapter.base - INFO - Executing SQL: /* SQLMESH_PLAN: f8936410d69542abaa54fd26da120caf */ DROP VIEW IF EXISTS "sqlmesh"."stg_wc_teams" CASCADE (base.py:2629)
2026-06-11 19:37:40,805 - ThreadPoolExecutor-6_1 - sqlmesh.core.snapshot.evaluator - INFO - Updating view 'postgres.sqlmesh.stg_wc_matches' to point at table 'postgres.sqlmesh__sqlmesh.sqlmesh__stg_wc_matches__876944353' (evaluator.py:2007)
2026-06-11 19:37:40,807 - ThreadPoolExecutor-6_1 - sqlmesh.core.engine_adapter.base - INFO - Executing SQL: /* SQLMESH_PLAN: f8936410d69542abaa54fd26da120caf */ DROP VIEW IF EXISTS "sqlmesh"."stg_wc_matches" CASCADE (base.py:2629)
2026-06-11 19:37:40,879 - ThreadPoolExecutor-6_0 - sqlmesh.core.engine_adapter.base - INFO - Executing SQL: /* SQLMESH_PLAN: f8936410d69542abaa54fd26da120caf */ CREATE VIEW "sqlmesh"."stg_wc_teams" AS SELECT * FROM "postgres"."sqlmesh__sqlmesh"."sqlmesh__stg_wc_teams__1768726597" (base.py:2629)
2026-06-11 19:37:40,880 - ThreadPoolExecutor-6_1 - sqlmesh.core.engine_adapter.base - INFO - Executing SQL: /* SQLMESH_PLAN: f8936410d69542abaa54fd26da120caf */ CREATE VIEW "sqlmesh"."stg_wc_matches" AS SELECT * FROM "postgres"."sqlmesh__sqlmesh"."sqlmesh__stg_wc_matches__876944353" (base.py:2629)
2026-06-11 19:37:40,961 - MainThread - sqlmesh.core.plan.evaluator - INFO - Evaluating plan stage FinalizeEnvironmentStage (evaluator.py:123)
2026-06-11 19:37:41,042 - MainThread - sqlmesh.core.state_sync.db.environment - INFO - Finalizing environment 'prod' (environment.py:141)
2026-06-11 19:37:41,144 - MainThread - root - INFO - Shutting down the event dispatcher (dispatcher.py:159)
