2026-06-11 19:21:50,181 - MainThread - sqlmesh.core.config.connection - INFO - Creating new DuckDB adapter for in-memory database (connection.py:503)
2026-06-11 19:21:53,972 - MainThread - sqlmesh.core.state_sync.db.migrator - INFO - Applying migration <module 'sqlmesh.migrations.v0000_baseline' from 'C:\\sandbox-pipeline\\.venv\\Lib\\site-packages\\sqlmesh\\migrations\\v0000_baseline.py'> (migrator.py:185)
2026-06-11 19:21:54,313 - MainThread - sqlmesh.core.state_sync.db.migrator - INFO - Applying migration <module 'sqlmesh.migrations.v0061_mysql_fix_blob_text_type' from 'C:\\sandbox-pipeline\\.venv\\Lib\\site-packages\\sqlmesh\\migrations\\v0061_mysql_fix_blob_text_type.py'> (migrator.py:185)
2026-06-11 19:21:54,314 - MainThread - sqlmesh.core.state_sync.db.migrator - INFO - Applying migration <module 'sqlmesh.migrations.v0062_add_model_gateway' from 'C:\\sandbox-pipeline\\.venv\\Lib\\site-packages\\sqlmesh\\migrations\\v0062_add_model_gateway.py'> (migrator.py:185)
2026-06-11 19:21:54,315 - MainThread - sqlmesh.core.state_sync.db.migrator - INFO - Applying migration <module 'sqlmesh.migrations.v0063_change_signals' from 'C:\\sandbox-pipeline\\.venv\\Lib\\site-packages\\sqlmesh\\migrations\\v0063_change_signals.py'> (migrator.py:185)
2026-06-11 19:21:54,315 - MainThread - sqlmesh.core.state_sync.db.migrator - INFO - Applying migration <module 'sqlmesh.migrations.v0064_join_when_matched_strings' from 'C:\\sandbox-pipeline\\.venv\\Lib\\site-packages\\sqlmesh\\migrations\\v0064_join_when_matched_strings.py'> (migrator.py:185)
2026-06-11 19:21:54,315 - MainThread - sqlmesh.core.state_sync.db.migrator - INFO - Applying migration <module 'sqlmesh.migrations.v0065_add_model_optimize' from 'C:\\sandbox-pipeline\\.venv\\Lib\\site-packages\\sqlmesh\\migrations\\v0065_add_model_optimize.py'> (migrator.py:185)
2026-06-11 19:21:54,315 - MainThread - sqlmesh.core.state_sync.db.migrator - INFO - Applying migration <module 'sqlmesh.migrations.v0066_add_auto_restatements' from 'C:\\sandbox-pipeline\\.venv\\Lib\\site-packages\\sqlmesh\\migrations\\v0066_add_auto_restatements.py'> (migrator.py:185)
2026-06-11 19:21:54,384 - MainThread - sqlmesh.core.state_sync.db.migrator - INFO - Applying migration <module 'sqlmesh.migrations.v0067_add_tsql_date_full_precision' from 'C:\\sandbox-pipeline\\.venv\\Lib\\site-packages\\sqlmesh\\migrations\\v0067_add_tsql_date_full_precision.py'> (migrator.py:185)
2026-06-11 19:21:54,384 - MainThread - sqlmesh.core.state_sync.db.migrator - INFO - Applying migration <module 'sqlmesh.migrations.v0068_include_unrendered_query_in_metadata_hash' from 'C:\\sandbox-pipeline\\.venv\\Lib\\site-packages\\sqlmesh\\migrations\\v0068_include_unrendered_query_in_metadata_hash.py'> (migrator.py:185)
2026-06-11 19:21:54,384 - MainThread - sqlmesh.core.state_sync.db.migrator - INFO - Applying migration <module 'sqlmesh.migrations.v0069_update_dev_table_suffix' from 'C:\\sandbox-pipeline\\.venv\\Lib\\site-packages\\sqlmesh\\migrations\\v0069_update_dev_table_suffix.py'> (migrator.py:185)
2026-06-11 19:21:54,384 - MainThread - sqlmesh.core.state_sync.db.migrator - INFO - Applying migration <module 'sqlmesh.migrations.v0070_include_grains_in_metadata_hash' from 'C:\\sandbox-pipeline\\.venv\\Lib\\site-packages\\sqlmesh\\migrations\\v0070_include_grains_in_metadata_hash.py'> (migrator.py:185)
2026-06-11 19:21:54,384 - MainThread - sqlmesh.core.state_sync.db.migrator - INFO - Applying migration <module 'sqlmesh.migrations.v0071_add_dev_version_to_intervals' from 'C:\\sandbox-pipeline\\.venv\\Lib\\site-packages\\sqlmesh\\migrations\\v0071_add_dev_version_to_intervals.py'> (migrator.py:185)
2026-06-11 19:21:54,420 - MainThread - sqlmesh.core.state_sync.db.migrator - INFO - Applying migration <module 'sqlmesh.migrations.v0072_add_environment_statements' from 'C:\\sandbox-pipeline\\.venv\\Lib\\site-packages\\sqlmesh\\migrations\\v0072_add_environment_statements.py'> (migrator.py:185)
2026-06-11 19:21:54,470 - MainThread - sqlmesh.core.state_sync.db.migrator - INFO - Applying migration <module 'sqlmesh.migrations.v0073_remove_symbolic_disable_restatement' from 'C:\\sandbox-pipeline\\.venv\\Lib\\site-packages\\sqlmesh\\migrations\\v0073_remove_symbolic_disable_restatement.py'> (migrator.py:185)
2026-06-11 19:21:54,470 - MainThread - sqlmesh.core.state_sync.db.migrator - INFO - Applying migration <module 'sqlmesh.migrations.v0074_add_partition_by_time_column_property' from 'C:\\sandbox-pipeline\\.venv\\Lib\\site-packages\\sqlmesh\\migrations\\v0074_add_partition_by_time_column_property.py'> (migrator.py:185)
2026-06-11 19:21:54,470 - MainThread - sqlmesh.core.state_sync.db.migrator - INFO - Applying migration <module 'sqlmesh.migrations.v0075_remove_validate_query' from 'C:\\sandbox-pipeline\\.venv\\Lib\\site-packages\\sqlmesh\\migrations\\v0075_remove_validate_query.py'> (migrator.py:185)
2026-06-11 19:21:54,471 - MainThread - sqlmesh.core.state_sync.db.migrator - INFO - Applying migration <module 'sqlmesh.migrations.v0076_add_cron_tz' from 'C:\\sandbox-pipeline\\.venv\\Lib\\site-packages\\sqlmesh\\migrations\\v0076_add_cron_tz.py'> (migrator.py:185)
2026-06-11 19:21:54,471 - MainThread - sqlmesh.core.state_sync.db.migrator - INFO - Applying migration <module 'sqlmesh.migrations.v0077_fix_column_type_hash_calculation' from 'C:\\sandbox-pipeline\\.venv\\Lib\\site-packages\\sqlmesh\\migrations\\v0077_fix_column_type_hash_calculation.py'> (migrator.py:185)
2026-06-11 19:21:54,471 - MainThread - sqlmesh.core.state_sync.db.migrator - INFO - Applying migration <module 'sqlmesh.migrations.v0078_warn_if_non_migratable_python_env' from 'C:\\sandbox-pipeline\\.venv\\Lib\\site-packages\\sqlmesh\\migrations\\v0078_warn_if_non_migratable_python_env.py'> (migrator.py:185)
2026-06-11 19:21:54,471 - MainThread - sqlmesh.core.state_sync.db.migrator - INFO - Applying migration <module 'sqlmesh.migrations.v0079_add_gateway_managed_property' from 'C:\\sandbox-pipeline\\.venv\\Lib\\site-packages\\sqlmesh\\migrations\\v0079_add_gateway_managed_property.py'> (migrator.py:185)
2026-06-11 19:21:54,501 - MainThread - sqlmesh.core.state_sync.db.migrator - INFO - Applying migration <module 'sqlmesh.migrations.v0080_add_batch_size_to_scd_type_2_models' from 'C:\\sandbox-pipeline\\.venv\\Lib\\site-packages\\sqlmesh\\migrations\\v0080_add_batch_size_to_scd_type_2_models.py'> (migrator.py:185)
2026-06-11 19:21:54,501 - MainThread - sqlmesh.core.state_sync.db.migrator - INFO - Applying migration <module 'sqlmesh.migrations.v0081_update_partitioned_by' from 'C:\\sandbox-pipeline\\.venv\\Lib\\site-packages\\sqlmesh\\migrations\\v0081_update_partitioned_by.py'> (migrator.py:185)
2026-06-11 19:21:54,501 - MainThread - sqlmesh.core.state_sync.db.migrator - INFO - Applying migration <module 'sqlmesh.migrations.v0082_warn_if_incorrectly_duplicated_statements' from 'C:\\sandbox-pipeline\\.venv\\Lib\\site-packages\\sqlmesh\\migrations\\v0082_warn_if_incorrectly_duplicated_statements.py'> (migrator.py:185)
2026-06-11 19:21:54,501 - MainThread - sqlmesh.core.state_sync.db.migrator - INFO - Applying migration <module 'sqlmesh.migrations.v0083_use_sql_for_scd_time_data_type_data_hash' from 'C:\\sandbox-pipeline\\.venv\\Lib\\site-packages\\sqlmesh\\migrations\\v0083_use_sql_for_scd_time_data_type_data_hash.py'> (migrator.py:185)
2026-06-11 19:21:54,501 - MainThread - sqlmesh.core.state_sync.db.migrator - INFO - Applying migration <module 'sqlmesh.migrations.v0084_normalize_quote_when_matched_and_merge_filter' from 'C:\\sandbox-pipeline\\.venv\\Lib\\site-packages\\sqlmesh\\migrations\\v0084_normalize_quote_when_matched_and_merge_filter.py'> (migrator.py:185)
2026-06-11 19:21:54,501 - MainThread - sqlmesh.core.state_sync.db.migrator - INFO - Applying migration <module 'sqlmesh.migrations.v0085_deterministic_repr' from 'C:\\sandbox-pipeline\\.venv\\Lib\\site-packages\\sqlmesh\\migrations\\v0085_deterministic_repr.py'> (migrator.py:185)
2026-06-11 19:21:54,501 - MainThread - sqlmesh.core.state_sync.db.migrator - INFO - Applying migration <module 'sqlmesh.migrations.v0086_check_deterministic_bug' from 'C:\\sandbox-pipeline\\.venv\\Lib\\site-packages\\sqlmesh\\migrations\\v0086_check_deterministic_bug.py'> (migrator.py:185)
2026-06-11 19:21:54,501 - MainThread - sqlmesh.core.state_sync.db.migrator - INFO - Applying migration <module 'sqlmesh.migrations.v0087_normalize_blueprint_variables' from 'C:\\sandbox-pipeline\\.venv\\Lib\\site-packages\\sqlmesh\\migrations\\v0087_normalize_blueprint_variables.py'> (migrator.py:185)
2026-06-11 19:21:54,501 - MainThread - sqlmesh.core.state_sync.db.migrator - INFO - Applying migration <module 'sqlmesh.migrations.v0088_warn_about_variable_python_env_diffs' from 'C:\\sandbox-pipeline\\.venv\\Lib\\site-packages\\sqlmesh\\migrations\\v0088_warn_about_variable_python_env_diffs.py'> (migrator.py:185)
2026-06-11 19:21:54,501 - MainThread - sqlmesh.core.state_sync.db.migrator - INFO - Applying migration <module 'sqlmesh.migrations.v0089_add_virtual_environment_mode' from 'C:\\sandbox-pipeline\\.venv\\Lib\\site-packages\\sqlmesh\\migrations\\v0089_add_virtual_environment_mode.py'> (migrator.py:185)
2026-06-11 19:21:54,501 - MainThread - sqlmesh.core.state_sync.db.migrator - INFO - Applying migration <module 'sqlmesh.migrations.v0090_add_forward_only_column' from 'C:\\sandbox-pipeline\\.venv\\Lib\\site-packages\\sqlmesh\\migrations\\v0090_add_forward_only_column.py'> (migrator.py:185)
2026-06-11 19:21:54,547 - MainThread - sqlmesh.core.state_sync.db.migrator - INFO - Applying migration <module 'sqlmesh.migrations.v0091_on_additive_change' from 'C:\\sandbox-pipeline\\.venv\\Lib\\site-packages\\sqlmesh\\migrations\\v0091_on_additive_change.py'> (migrator.py:185)
2026-06-11 19:21:54,547 - MainThread - sqlmesh.core.state_sync.db.migrator - INFO - Applying migration <module 'sqlmesh.migrations.v0092_warn_about_dbt_data_type_diff' from 'C:\\sandbox-pipeline\\.venv\\Lib\\site-packages\\sqlmesh\\migrations\\v0092_warn_about_dbt_data_type_diff.py'> (migrator.py:185)
2026-06-11 19:21:54,547 - MainThread - sqlmesh.core.state_sync.db.migrator - INFO - Applying migration <module 'sqlmesh.migrations.v0093_use_raw_sql_in_fingerprint' from 'C:\\sandbox-pipeline\\.venv\\Lib\\site-packages\\sqlmesh\\migrations\\v0093_use_raw_sql_in_fingerprint.py'> (migrator.py:185)
2026-06-11 19:21:54,547 - MainThread - sqlmesh.core.state_sync.db.migrator - INFO - Applying migration <module 'sqlmesh.migrations.v0094_add_dev_version_and_fingerprint_columns' from 'C:\\sandbox-pipeline\\.venv\\Lib\\site-packages\\sqlmesh\\migrations\\v0094_add_dev_version_and_fingerprint_columns.py'> (migrator.py:185)
2026-06-11 19:21:54,618 - MainThread - sqlmesh.core.state_sync.db.migrator - INFO - Applying migration <module 'sqlmesh.migrations.v0095_warn_about_dbt_raw_sql_diff' from 'C:\\sandbox-pipeline\\.venv\\Lib\\site-packages\\sqlmesh\\migrations\\v0095_warn_about_dbt_raw_sql_diff.py'> (migrator.py:185)
2026-06-11 19:21:54,618 - MainThread - sqlmesh.core.state_sync.db.migrator - INFO - Applying migration <module 'sqlmesh.migrations.v0096_remove_plan_dags_table' from 'C:\\sandbox-pipeline\\.venv\\Lib\\site-packages\\sqlmesh\\migrations\\v0096_remove_plan_dags_table.py'> (migrator.py:185)
2026-06-11 19:21:54,652 - MainThread - sqlmesh.core.state_sync.db.migrator - INFO - Applying migration <module 'sqlmesh.migrations.v0097_add_dbt_name_in_node' from 'C:\\sandbox-pipeline\\.venv\\Lib\\site-packages\\sqlmesh\\migrations\\v0097_add_dbt_name_in_node.py'> (migrator.py:185)
2026-06-11 19:21:54,652 - MainThread - sqlmesh.core.state_sync.db.migrator - INFO - Applying migration <module 'sqlmesh.migrations.v0098_add_dbt_node_info_in_node' from 'C:\\sandbox-pipeline\\.venv\\Lib\\site-packages\\sqlmesh\\migrations\\v0098_add_dbt_node_info_in_node.py'> (migrator.py:185)
2026-06-11 19:21:54,652 - MainThread - sqlmesh.core.state_sync.db.migrator - INFO - Applying migration <module 'sqlmesh.migrations.v0099_add_last_altered_to_intervals' from 'C:\\sandbox-pipeline\\.venv\\Lib\\site-packages\\sqlmesh\\migrations\\v0099_add_last_altered_to_intervals.py'> (migrator.py:185)
2026-06-11 19:21:54,702 - MainThread - sqlmesh.core.state_sync.db.migrator - INFO - Applying migration <module 'sqlmesh.migrations.v0100_add_grants_and_grants_target_layer' from 'C:\\sandbox-pipeline\\.venv\\Lib\\site-packages\\sqlmesh\\migrations\\v0100_add_grants_and_grants_target_layer.py'> (migrator.py:185)
2026-06-11 19:21:54,702 - MainThread - sqlmesh.core.state_sync.db.migrator - INFO - Applying migration <module 'sqlmesh.migrations.v0101_include_custom_audit_args_in_fingerprint' from 'C:\\sandbox-pipeline\\.venv\\Lib\\site-packages\\sqlmesh\\migrations\\v0101_include_custom_audit_args_in_fingerprint.py'> (migrator.py:185)
2026-06-11 19:21:54,743 - MainThread - sqlmesh.core.state_sync.db.migrator - INFO - Fetching environments (migrator.py:207)
2026-06-11 19:21:54,784 - MainThread - sqlmesh.core.state_sync.db.migrator - INFO - Migrating snapshot rows... (migrator.py:224)
2026-06-11 19:21:54,819 - MainThread - sqlmesh.core.state_sync.db.migrator - INFO - No changes to snapshots detected (migrator.py:217)
2026-06-11 19:22:15,301 - MainThread - sqlmesh.core.plan.evaluator - INFO - Evaluating plan stage CreateSnapshotRecordsStage (evaluator.py:123)
2026-06-11 19:22:15,518 - MainThread - sqlmesh.core.plan.evaluator - INFO - Evaluating plan stage PhysicalLayerSchemaCreationStage (evaluator.py:123)
2026-06-11 19:22:15,531 - ThreadPoolExecutor-1_0 - sqlmesh.core.snapshot.evaluator - INFO - Creating schema 'postgres.sqlmesh__sqlmesh_example' (evaluator.py:1468)
2026-06-11 19:22:15,786 - ThreadPoolExecutor-1_0 - sqlmesh.core.engine_adapter.base - INFO - Executing SQL: /* SQLMESH_PLAN: 19b156623e844fa1b810712991bb97b3 */ CREATE SCHEMA IF NOT EXISTS "sqlmesh__sqlmesh_example" (base.py:2629)
2026-06-11 19:22:15,903 - MainThread - sqlmesh.core.plan.evaluator - INFO - Evaluating plan stage BackfillStage (evaluator.py:123)
2026-06-11 19:22:15,920 - ThreadPoolExecutor-2_0 - sqlmesh.core.snapshot.evaluator - INFO - Listing data objects in schema postgres.sqlmesh__sqlmesh_example (evaluator.py:1635)
2026-06-11 19:22:16,184 - ThreadPoolExecutor-2_0 - sqlmesh.core.engine_adapter.base - INFO - Executing SQL: /* SQLMESH_PLAN: 19b156623e844fa1b810712991bb97b3 */ SELECT current_catalog (base.py:2629)
2026-06-11 19:22:16,433 - ThreadPoolExecutor-3_0 - sqlmesh.core.snapshot.evaluator - INFO - Evaluating snapshot SnapshotId<"postgres"."sqlmesh_example"."seed_model": 4066597498> (evaluator.py:730)
2026-06-11 19:22:16,673 - ThreadPoolExecutor-3_0 - sqlmesh.core.snapshot.evaluator - INFO - Creating table 'postgres.sqlmesh__sqlmesh_example.sqlmesh_example__seed_model__2437004170' (evaluator.py:2095)
2026-06-11 19:22:16,675 - ThreadPoolExecutor-3_0 - sqlmesh.core.engine_adapter.base - INFO - Executing SQL: /* SQLMESH_PLAN: 19b156623e844fa1b810712991bb97b3 */ CREATE TABLE IF NOT EXISTS "sqlmesh__sqlmesh_example"."sqlmesh_example__seed_model__2437004170" ("id" INT, "item_id" INT, "event_date" DATE) (base.py:2629)
2026-06-11 19:22:16,769 - ThreadPoolExecutor-3_0 - sqlmesh.core.engine_adapter.base - INFO - Executing SQL: /* SQLMESH_PLAN: 19b156623e844fa1b810712991bb97b3 */ SELECT current_catalog (base.py:2629)
2026-06-11 19:22:16,853 - ThreadPoolExecutor-3_0 - sqlmesh.core.engine_adapter.base - INFO - Executing SQL: /* SQLMESH_PLAN: 19b156623e844fa1b810712991bb97b3 */ DELETE FROM "sqlmesh__sqlmesh_example"."sqlmesh_example__seed_model__2437004170" WHERE TRUE (base.py:2629)
2026-06-11 19:22:16,900 - ThreadPoolExecutor-3_0 - sqlmesh.core.engine_adapter.base - INFO - Executing SQL: INSERT INTO "sqlmesh__sqlmesh_example"."sqlmesh_example__seed_model__2437004170" ("id", "item_id", "event_date") SELECT CAST("id" AS INT) AS "id", CAST("item_id" AS INT) AS "item_id", CAST("event_date" AS DATE) AS "event_date" FROM (VALUES "<REDACTED VALUES>") AS "t"("id", "item_id", "event_date") (base.py:2629)
2026-06-11 19:22:17,302 - ThreadPoolExecutor-3_0 - sqlmesh.core.state_sync.db.facade - INFO - Adding interval (2026-06-10 00:00:00, 2026-06-11 00:00:00) for snapshot SnapshotId<"postgres"."sqlmesh_example"."seed_model": 4066597498> (facade.py:639)
2026-06-11 19:22:17,302 - ThreadPoolExecutor-3_0 - sqlmesh.core.state_sync.db.interval - INFO - Pushing intervals for snapshot SnapshotId<"postgres"."sqlmesh_example"."seed_model": 4066597498> (interval.py:215)
2026-06-11 19:22:17,399 - ThreadPoolExecutor-3_1 - sqlmesh.core.snapshot.evaluator - INFO - Creating a physical table for snapshot SnapshotId<"postgres"."sqlmesh_example"."incremental_model": 2118259648> (evaluator.py:889)
2026-06-11 19:22:17,671 - ThreadPoolExecutor-3_1 - sqlmesh.core.snapshot.evaluator - INFO - Creating table 'postgres.sqlmesh__sqlmesh_example.sqlmesh_example__incremental_model__3702628734' (evaluator.py:2095)
2026-06-11 19:22:17,671 - ThreadPoolExecutor-3_1 - sqlmesh.core.engine_adapter.base - INFO - Executing SQL: /* SQLMESH_PLAN: 19b156623e844fa1b810712991bb97b3 */ CREATE TABLE IF NOT EXISTS "sqlmesh__sqlmesh_example"."sqlmesh_example__incremental_model__3702628734" ("id" INT, "item_id" INT, "event_date" DATE) (base.py:2629)
2026-06-11 19:22:17,752 - ThreadPoolExecutor-3_1 - sqlmesh.core.snapshot.evaluator - INFO - Dry running model 'sqlmesh_example.incremental_model' (evaluator.py:2117)
2026-06-11 19:22:17,752 - ThreadPoolExecutor-3_1 - sqlmesh.core.engine_adapter.base - INFO - Executing SQL: /* SQLMESH_PLAN: 19b156623e844fa1b810712991bb97b3 */ SELECT "seed_model"."id" AS "id", "seed_model"."item_id" AS "item_id", "seed_model"."event_date" AS "event_date" FROM "postgres"."sqlmesh__sqlmesh_example"."sqlmesh_example__seed_model__2437004170" AS "seed_model" WHERE ("seed_model"."event_date" <= CAST('1970-01-01' AS DATE) AND "seed_model"."event_date" >= CAST('1970-01-01' AS DATE)) AND FALSE LIMIT 0 (base.py:2629)
2026-06-11 19:22:17,834 - ThreadPoolExecutor-3_1 - sqlmesh.core.snapshot.evaluator - INFO - Evaluating snapshot SnapshotId<"postgres"."sqlmesh_example"."incremental_model": 2118259648> (evaluator.py:730)
2026-06-11 19:22:17,835 - ThreadPoolExecutor-3_1 - sqlmesh.core.snapshot.evaluator - INFO - Inserting data for snapshot SnapshotId<"postgres"."sqlmesh_example"."incremental_model": 2118259648> (evaluator.py:971)
2026-06-11 19:22:17,850 - ThreadPoolExecutor-3_1 - sqlmesh.core.snapshot.evaluator - INFO - Inserting batch (2020-01-01 00:00:00, 2026-06-11 00:00:00) into postgres.sqlmesh__sqlmesh_example.sqlmesh_example__incremental_model__3702628734' (evaluator.py:1003)
2026-06-11 19:22:17,853 - ThreadPoolExecutor-3_1 - sqlmesh.core.engine_adapter.base - INFO - Executing SQL: /* SQLMESH_PLAN: 19b156623e844fa1b810712991bb97b3 */ DELETE FROM "sqlmesh__sqlmesh_example"."sqlmesh_example__incremental_model__3702628734" WHERE "event_date" BETWEEN CAST('2020-01-01' AS DATE) AND CAST('2026-06-10' AS DATE) (base.py:2629)
2026-06-11 19:22:17,933 - ThreadPoolExecutor-3_1 - sqlmesh.core.engine_adapter.base - INFO - Executing SQL: /* SQLMESH_PLAN: 19b156623e844fa1b810712991bb97b3 */ INSERT INTO "sqlmesh__sqlmesh_example"."sqlmesh_example__incremental_model__3702628734" ("id", "item_id", "event_date") SELECT "id", "item_id", "event_date" FROM (SELECT "seed_model"."id" AS "id", "seed_model"."item_id" AS "item_id", "seed_model"."event_date" AS "event_date" FROM "postgres"."sqlmesh__sqlmesh_example"."sqlmesh_example__seed_model__2437004170" AS "seed_model" WHERE "seed_model"."event_date" <= CAST('2026-06-10' AS DATE) AND "seed_model"."event_date" >= CAST('2020-01-01' AS DATE)) AS "_subquery" WHERE "event_date" BETWEEN CAST('2020-01-01' AS DATE) AND CAST('2026-06-10' AS DATE) (base.py:2629)
2026-06-11 19:22:18,334 - ThreadPoolExecutor-3_1 - sqlmesh.core.state_sync.db.facade - INFO - Adding interval (2020-01-01 00:00:00, 2026-06-11 00:00:00) for snapshot SnapshotId<"postgres"."sqlmesh_example"."incremental_model": 2118259648> (facade.py:639)
2026-06-11 19:22:18,334 - ThreadPoolExecutor-3_1 - sqlmesh.core.state_sync.db.interval - INFO - Pushing intervals for snapshot SnapshotId<"postgres"."sqlmesh_example"."incremental_model": 2118259648> (interval.py:215)
2026-06-11 19:22:18,430 - ThreadPoolExecutor-3_0 - sqlmesh.core.snapshot.evaluator - INFO - Evaluating snapshot SnapshotId<"postgres"."sqlmesh_example"."full_model": 4051381900> (evaluator.py:730)
2026-06-11 19:22:18,431 - ThreadPoolExecutor-3_0 - sqlmesh.core.snapshot.evaluator - INFO - Inserting data for snapshot SnapshotId<"postgres"."sqlmesh_example"."full_model": 4051381900> (evaluator.py:971)
2026-06-11 19:22:18,444 - ThreadPoolExecutor-3_0 - sqlmesh.core.snapshot.evaluator - INFO - Inserting batch (2020-01-01 00:00:00, 2026-06-11 00:00:00) into postgres.sqlmesh__sqlmesh_example.sqlmesh_example__full_model__4177427592' (evaluator.py:1003)
2026-06-11 19:22:18,450 - ThreadPoolExecutor-3_0 - sqlmesh.core.engine_adapter.base - INFO - Executing SQL: /* SQLMESH_PLAN: 19b156623e844fa1b810712991bb97b3 */ CREATE TABLE IF NOT EXISTS "sqlmesh__sqlmesh_example"."sqlmesh_example__full_model__4177427592" AS SELECT CAST("item_id" AS INT) AS "item_id", CAST("num_orders" AS BIGINT) AS "num_orders" FROM (SELECT "incremental_model"."item_id" AS "item_id", COUNT(DISTINCT "incremental_model"."id") AS "num_orders" FROM "postgres"."sqlmesh__sqlmesh_example"."sqlmesh_example__incremental_model__3702628734" AS "incremental_model" GROUP BY "incremental_model"."item_id") AS "_subquery" (base.py:2629)
2026-06-11 19:22:18,562 - ThreadPoolExecutor-3_0 - sqlmesh.core.snapshot.evaluator - INFO - Auditing snapshot SnapshotId<"postgres"."sqlmesh_example"."full_model": 4051381900> (evaluator.py:622)
2026-06-11 19:22:18,571 - ThreadPoolExecutor-3_0 - sqlmesh.core.engine_adapter.base - INFO - Executing SQL: /* SQLMESH_PLAN: 19b156623e844fa1b810712991bb97b3 */ SELECT "attname" AS "column_name", "pg_catalog".format_type("atttypid", "atttypmod") AS "data_type" FROM "pg_catalog"."pg_attribute" JOIN "pg_catalog"."pg_class" ON "pg_class"."oid" = "attrelid" JOIN "pg_catalog"."pg_namespace" ON "pg_namespace"."oid" = "relnamespace" WHERE ("attnum" > 0 AND NOT "attisdropped" AND "relname" = 'sqlmesh_example__full_model__4177427592') AND "nspname" = 'sqlmesh__sqlmesh_example' (base.py:2629)
2026-06-11 19:22:18,684 - ThreadPoolExecutor-3_0 - sqlmesh.core.engine_adapter.base - INFO - Executing SQL: /* SQLMESH_PLAN: 19b156623e844fa1b810712991bb97b3 */ SELECT COUNT(*) FROM (SELECT * FROM "postgres"."sqlmesh__sqlmesh_example"."sqlmesh_example__full_model__4177427592" AS "sqlmesh_example__full_model__4177427592" WHERE "item_id" < 0) AS "audit" (base.py:2629)
2026-06-11 19:22:18,868 - ThreadPoolExecutor-3_0 - sqlmesh.core.state_sync.db.facade - INFO - Adding interval (2020-01-01 00:00:00, 2026-06-11 00:00:00) for snapshot SnapshotId<"postgres"."sqlmesh_example"."full_model": 4051381900> (facade.py:639)
2026-06-11 19:22:18,868 - ThreadPoolExecutor-3_0 - sqlmesh.core.state_sync.db.interval - INFO - Pushing intervals for snapshot SnapshotId<"postgres"."sqlmesh_example"."full_model": 4051381900> (interval.py:215)
2026-06-11 19:22:18,964 - MainThread - sqlmesh.core.plan.evaluator - INFO - Evaluating plan stage EnvironmentRecordUpdateStage (evaluator.py:123)
2026-06-11 19:22:19,032 - MainThread - sqlmesh.core.state_sync.db.facade - INFO - Promoting environment 'prod' (facade.py:167)
2026-06-11 19:22:19,251 - MainThread - sqlmesh.core.plan.evaluator - INFO - Evaluating plan stage UnpauseStage (evaluator.py:123)
2026-06-11 19:22:19,481 - MainThread - sqlmesh.core.plan.evaluator - INFO - Evaluating plan stage VirtualLayerUpdateStage (evaluator.py:123)
2026-06-11 19:22:19,485 - ThreadPoolExecutor-4_0 - sqlmesh.core.snapshot.evaluator - INFO - Creating schema 'postgres.sqlmesh_example' (evaluator.py:1468)
2026-06-11 19:22:19,733 - ThreadPoolExecutor-4_0 - sqlmesh.core.engine_adapter.base - INFO - Executing SQL: /* SQLMESH_PLAN: 19b156623e844fa1b810712991bb97b3 */ CREATE SCHEMA IF NOT EXISTS "sqlmesh_example" (base.py:2629)
2026-06-11 19:22:19,851 - ThreadPoolExecutor-5_0 - sqlmesh.core.snapshot.evaluator - INFO - Listing data objects in schema postgres.sqlmesh_example (evaluator.py:1635)
2026-06-11 19:22:20,119 - ThreadPoolExecutor-5_0 - sqlmesh.core.engine_adapter.base - INFO - Executing SQL: /* SQLMESH_PLAN: 19b156623e844fa1b810712991bb97b3 */ SELECT current_catalog (base.py:2629)
2026-06-11 19:22:20,634 - ThreadPoolExecutor-6_0 - sqlmesh.core.snapshot.evaluator - INFO - Updating view 'postgres.sqlmesh_example.seed_model' to point at table 'postgres.sqlmesh__sqlmesh_example.sqlmesh_example__seed_model__2437004170' (evaluator.py:2007)
2026-06-11 19:22:20,634 - ThreadPoolExecutor-6_0 - sqlmesh.core.engine_adapter.base - INFO - Executing SQL: /* SQLMESH_PLAN: 19b156623e844fa1b810712991bb97b3 */ DROP VIEW IF EXISTS "sqlmesh_example"."seed_model" CASCADE (base.py:2629)
2026-06-11 19:22:20,719 - ThreadPoolExecutor-6_0 - sqlmesh.core.engine_adapter.base - INFO - Executing SQL: /* SQLMESH_PLAN: 19b156623e844fa1b810712991bb97b3 */ CREATE VIEW "sqlmesh_example"."seed_model" AS SELECT * FROM "postgres"."sqlmesh__sqlmesh_example"."sqlmesh_example__seed_model__2437004170" (base.py:2629)
2026-06-11 19:22:21,072 - ThreadPoolExecutor-6_1 - sqlmesh.core.snapshot.evaluator - INFO - Updating view 'postgres.sqlmesh_example.incremental_model' to point at table 'postgres.sqlmesh__sqlmesh_example.sqlmesh_example__incremental_model__3702628734' (evaluator.py:2007)
2026-06-11 19:22:21,072 - ThreadPoolExecutor-6_1 - sqlmesh.core.engine_adapter.base - INFO - Executing SQL: /* SQLMESH_PLAN: 19b156623e844fa1b810712991bb97b3 */ DROP VIEW IF EXISTS "sqlmesh_example"."incremental_model" CASCADE (base.py:2629)
2026-06-11 19:22:21,151 - ThreadPoolExecutor-6_1 - sqlmesh.core.engine_adapter.base - INFO - Executing SQL: /* SQLMESH_PLAN: 19b156623e844fa1b810712991bb97b3 */ CREATE VIEW "sqlmesh_example"."incremental_model" AS SELECT * FROM "postgres"."sqlmesh__sqlmesh_example"."sqlmesh_example__incremental_model__3702628734" (base.py:2629)
2026-06-11 19:22:21,241 - ThreadPoolExecutor-6_1 - sqlmesh.core.snapshot.evaluator - INFO - Updating view 'postgres.sqlmesh_example.full_model' to point at table 'postgres.sqlmesh__sqlmesh_example.sqlmesh_example__full_model__4177427592' (evaluator.py:2007)
2026-06-11 19:22:21,241 - ThreadPoolExecutor-6_1 - sqlmesh.core.engine_adapter.base - INFO - Executing SQL: /* SQLMESH_PLAN: 19b156623e844fa1b810712991bb97b3 */ DROP VIEW IF EXISTS "sqlmesh_example"."full_model" CASCADE (base.py:2629)
2026-06-11 19:22:21,317 - ThreadPoolExecutor-6_1 - sqlmesh.core.engine_adapter.base - INFO - Executing SQL: /* SQLMESH_PLAN: 19b156623e844fa1b810712991bb97b3 */ CREATE VIEW "sqlmesh_example"."full_model" AS SELECT * FROM "postgres"."sqlmesh__sqlmesh_example"."sqlmesh_example__full_model__4177427592" (base.py:2629)
2026-06-11 19:22:21,412 - MainThread - sqlmesh.core.plan.evaluator - INFO - Evaluating plan stage FinalizeEnvironmentStage (evaluator.py:123)
2026-06-11 19:22:21,484 - MainThread - sqlmesh.core.state_sync.db.environment - INFO - Finalizing environment 'prod' (environment.py:141)
2026-06-11 19:22:21,598 - MainThread - root - INFO - Shutting down the event dispatcher (dispatcher.py:159)
