2026-06-11 20:10:31,669 - MainThread - sqlmesh.core.config.connection - INFO - Creating new DuckDB adapter for in-memory database (connection.py:503)
2026-06-11 20:10:38,121 - MainThread - sqlmesh.core.plan.evaluator - INFO - Evaluating plan stage CreateSnapshotRecordsStage (evaluator.py:123)
2026-06-11 20:10:38,320 - MainThread - sqlmesh.core.plan.evaluator - INFO - Evaluating plan stage PhysicalLayerSchemaCreationStage (evaluator.py:123)
2026-06-11 20:10:38,336 - ThreadPoolExecutor-1_0 - sqlmesh.core.snapshot.evaluator - INFO - Creating schema 'postgres.sqlmesh__sqlmesh_example' (evaluator.py:1468)
2026-06-11 20:10:38,336 - ThreadPoolExecutor-1_1 - sqlmesh.core.snapshot.evaluator - INFO - Creating schema 'postgres.sqlmesh__sqlmesh' (evaluator.py:1468)
2026-06-11 20:10:38,585 - ThreadPoolExecutor-1_0 - sqlmesh.core.engine_adapter.base - INFO - Executing SQL: /* SQLMESH_PLAN: da0ce97ad2ca4cbe9dcce37e61e38c4a */ CREATE SCHEMA IF NOT EXISTS "sqlmesh__sqlmesh_example" (base.py:2629)
2026-06-11 20:10:38,832 - ThreadPoolExecutor-1_1 - sqlmesh.core.engine_adapter.base - INFO - Executing SQL: /* SQLMESH_PLAN: da0ce97ad2ca4cbe9dcce37e61e38c4a */ CREATE SCHEMA IF NOT EXISTS "sqlmesh__sqlmesh" (base.py:2629)
2026-06-11 20:10:38,951 - MainThread - sqlmesh.core.plan.evaluator - INFO - Evaluating plan stage BackfillStage (evaluator.py:123)
2026-06-11 20:10:38,956 - ThreadPoolExecutor-2_0 - sqlmesh.core.snapshot.evaluator - INFO - Listing data objects in schema postgres.sqlmesh__sqlmesh (evaluator.py:1635)
2026-06-11 20:10:39,208 - ThreadPoolExecutor-2_0 - sqlmesh.core.engine_adapter.base - INFO - Executing SQL: /* SQLMESH_PLAN: da0ce97ad2ca4cbe9dcce37e61e38c4a */ SELECT current_catalog (base.py:2629)
2026-06-11 20:10:39,446 - ThreadPoolExecutor-3_0 - sqlmesh.core.snapshot.evaluator - INFO - Evaluating snapshot SnapshotId<"postgres"."sqlmesh"."stg_wc_teams": 640253044> (evaluator.py:730)
2026-06-11 20:10:39,689 - ThreadPoolExecutor-3_0 - sqlmesh.core.snapshot.evaluator - INFO - Inserting data for snapshot SnapshotId<"postgres"."sqlmesh"."stg_wc_teams": 640253044> (evaluator.py:971)
2026-06-11 20:10:39,705 - ThreadPoolExecutor-3_0 - sqlmesh.core.snapshot.evaluator - INFO - Inserting batch (2026-06-10 00:00:00, 2026-06-11 00:00:00) into postgres.sqlmesh__sqlmesh.sqlmesh__stg_wc_teams__3978885776' (evaluator.py:1003)
2026-06-11 20:10:39,718 - ThreadPoolExecutor-3_0 - sqlmesh.core.engine_adapter.base - INFO - Executing SQL: /* SQLMESH_PLAN: da0ce97ad2ca4cbe9dcce37e61e38c4a */ SELECT "attname" AS "column_name", "pg_catalog".format_type("atttypid", "atttypmod") AS "data_type" FROM "pg_catalog"."pg_attribute" JOIN "pg_catalog"."pg_class" ON "pg_class"."oid" = "attrelid" JOIN "pg_catalog"."pg_namespace" ON "pg_namespace"."oid" = "relnamespace" WHERE ("attnum" > 0 AND NOT "attisdropped" AND "relname" = 'sqlmesh__stg_wc_teams__3978885776') AND "nspname" = 'sqlmesh__sqlmesh' (base.py:2629)
2026-06-11 20:10:39,797 - ThreadPoolExecutor-3_0 - sqlmesh.core.engine_adapter.base - INFO - Executing SQL: /* SQLMESH_PLAN: da0ce97ad2ca4cbe9dcce37e61e38c4a */ CREATE TABLE IF NOT EXISTS "sqlmesh__sqlmesh"."sqlmesh__stg_wc_teams__3978885776" AS SELECT CAST("team_id" AS INT) AS "team_id", CASE WHEN "name" = 'United States' THEN 'USA' WHEN "name" = 'South Korea' THEN 'Korea Republic' WHEN "name" = 'Turkey' THEN 'Türkiye' WHEN "name" = 'Iran' THEN 'IR Iran' WHEN "name" = 'Bosnia-Herzegovina' THEN 'Bosnia and Herzegovina' WHEN "name" = 'Cape Verde Islands' THEN 'Cabo Verde' WHEN "name" = 'Ivory Coast' THEN 'Côte d''Ivoire' ELSE "name" END AS "team_name", CAST("tla" AS VARCHAR) AS "tla", CAST("crest_url" AS TEXT) AS "crest_url" FROM "postgres"."public"."staging_wc_teams" AS "staging_wc_teams" (base.py:2629)
2026-06-11 20:10:40,224 - ThreadPoolExecutor-3_0 - sqlmesh.core.state_sync.db.facade - INFO - Adding interval (2026-06-10 00:00:00, 2026-06-11 00:00:00) for snapshot SnapshotId<"postgres"."sqlmesh"."stg_wc_teams": 640253044> (facade.py:639)
2026-06-11 20:10:40,224 - ThreadPoolExecutor-3_0 - sqlmesh.core.state_sync.db.interval - INFO - Pushing intervals for snapshot SnapshotId<"postgres"."sqlmesh"."stg_wc_teams": 640253044> (interval.py:215)
2026-06-11 20:10:40,328 - MainThread - sqlmesh.core.plan.evaluator - INFO - Evaluating plan stage EnvironmentRecordUpdateStage (evaluator.py:123)
2026-06-11 20:10:40,409 - MainThread - sqlmesh.core.state_sync.db.facade - INFO - Promoting environment 'prod' (facade.py:167)
2026-06-11 20:10:40,689 - MainThread - sqlmesh.core.plan.evaluator - INFO - Evaluating plan stage UnpauseStage (evaluator.py:123)
2026-06-11 20:10:40,923 - MainThread - sqlmesh.core.plan.evaluator - INFO - Evaluating plan stage VirtualLayerUpdateStage (evaluator.py:123)
2026-06-11 20:10:40,935 - ThreadPoolExecutor-4_0 - sqlmesh.core.snapshot.evaluator - INFO - Creating schema 'postgres.sqlmesh' (evaluator.py:1468)
2026-06-11 20:10:41,189 - ThreadPoolExecutor-4_0 - sqlmesh.core.engine_adapter.base - INFO - Executing SQL: /* SQLMESH_PLAN: da0ce97ad2ca4cbe9dcce37e61e38c4a */ CREATE SCHEMA IF NOT EXISTS "sqlmesh" (base.py:2629)
2026-06-11 20:10:41,306 - ThreadPoolExecutor-5_0 - sqlmesh.core.snapshot.evaluator - INFO - Listing data objects in schema postgres.sqlmesh (evaluator.py:1635)
2026-06-11 20:10:41,573 - ThreadPoolExecutor-5_0 - sqlmesh.core.engine_adapter.base - INFO - Executing SQL: /* SQLMESH_PLAN: da0ce97ad2ca4cbe9dcce37e61e38c4a */ SELECT current_catalog (base.py:2629)
2026-06-11 20:10:42,088 - ThreadPoolExecutor-6_0 - sqlmesh.core.snapshot.evaluator - INFO - Updating view 'postgres.sqlmesh.stg_wc_teams' to point at table 'postgres.sqlmesh__sqlmesh.sqlmesh__stg_wc_teams__3978885776' (evaluator.py:2007)
2026-06-11 20:10:42,088 - ThreadPoolExecutor-6_0 - sqlmesh.core.engine_adapter.base - INFO - Executing SQL: /* SQLMESH_PLAN: da0ce97ad2ca4cbe9dcce37e61e38c4a */ DROP VIEW IF EXISTS "sqlmesh"."stg_wc_teams" CASCADE (base.py:2629)
2026-06-11 20:10:42,180 - ThreadPoolExecutor-6_0 - sqlmesh.core.engine_adapter.base - INFO - Executing SQL: /* SQLMESH_PLAN: da0ce97ad2ca4cbe9dcce37e61e38c4a */ CREATE VIEW "sqlmesh"."stg_wc_teams" AS SELECT * FROM "postgres"."sqlmesh__sqlmesh"."sqlmesh__stg_wc_teams__3978885776" (base.py:2629)
2026-06-11 20:10:42,268 - MainThread - sqlmesh.core.plan.evaluator - INFO - Evaluating plan stage FinalizeEnvironmentStage (evaluator.py:123)
2026-06-11 20:10:42,340 - MainThread - sqlmesh.core.state_sync.db.environment - INFO - Finalizing environment 'prod' (environment.py:141)
2026-06-11 20:10:42,459 - MainThread - root - INFO - Shutting down the event dispatcher (dispatcher.py:159)
