2026-06-17 13:13:46,897 - MainThread - sqlmesh.core.config.connection - INFO - Creating new DuckDB adapter for in-memory database (connection.py:503)
2026-06-17 13:13:51,302 - MainThread - sqlmesh.core.plan.evaluator - INFO - Evaluating plan stage CreateSnapshotRecordsStage (evaluator.py:123)
2026-06-17 13:13:51,511 - MainThread - sqlmesh.core.plan.evaluator - INFO - Evaluating plan stage PhysicalLayerSchemaCreationStage (evaluator.py:123)
2026-06-17 13:13:51,526 - ThreadPoolExecutor-1_0 - sqlmesh.core.snapshot.evaluator - INFO - Creating schema 'postgres.sqlmesh__sqlmesh' (evaluator.py:1468)
2026-06-17 13:13:51,526 - ThreadPoolExecutor-1_1 - sqlmesh.core.snapshot.evaluator - INFO - Creating schema 'postgres.sqlmesh__staging' (evaluator.py:1468)
2026-06-17 13:13:51,531 - ThreadPoolExecutor-1_2 - sqlmesh.core.snapshot.evaluator - INFO - Creating schema 'postgres.sqlmesh__sqlmesh_example' (evaluator.py:1468)
2026-06-17 13:13:51,813 - ThreadPoolExecutor-1_0 - sqlmesh.core.engine_adapter.base - INFO - Executing SQL: /* SQLMESH_PLAN: 010385fcdd3d458f82fb2eb99710fafd */ CREATE SCHEMA IF NOT EXISTS "sqlmesh__sqlmesh" (base.py:2629)
2026-06-17 13:13:52,119 - ThreadPoolExecutor-1_1 - sqlmesh.core.engine_adapter.base - INFO - Executing SQL: /* SQLMESH_PLAN: 010385fcdd3d458f82fb2eb99710fafd */ CREATE SCHEMA IF NOT EXISTS "sqlmesh__staging" (base.py:2629)
2026-06-17 13:13:52,365 - ThreadPoolExecutor-1_2 - sqlmesh.core.engine_adapter.base - INFO - Executing SQL: /* SQLMESH_PLAN: 010385fcdd3d458f82fb2eb99710fafd */ CREATE SCHEMA IF NOT EXISTS "sqlmesh__sqlmesh_example" (base.py:2629)
2026-06-17 13:13:52,495 - MainThread - sqlmesh.core.plan.evaluator - INFO - Evaluating plan stage BackfillStage (evaluator.py:123)
2026-06-17 13:13:52,498 - ThreadPoolExecutor-2_0 - sqlmesh.core.snapshot.evaluator - INFO - Listing data objects in schema postgres.sqlmesh__staging (evaluator.py:1635)
2026-06-17 13:13:52,743 - ThreadPoolExecutor-2_0 - sqlmesh.core.engine_adapter.base - INFO - Executing SQL: /* SQLMESH_PLAN: 010385fcdd3d458f82fb2eb99710fafd */ SELECT current_catalog (base.py:2629)
2026-06-17 13:13:52,972 - ThreadPoolExecutor-3_0 - sqlmesh.core.snapshot.evaluator - INFO - Evaluating snapshot SnapshotId<"postgres"."staging"."stg_team_groups": 1882441959> (evaluator.py:730)
2026-06-17 13:13:53,214 - ThreadPoolExecutor-3_0 - sqlmesh.core.snapshot.evaluator - INFO - Inserting data for snapshot SnapshotId<"postgres"."staging"."stg_team_groups": 1882441959> (evaluator.py:971)
2026-06-17 13:13:53,217 - ThreadPoolExecutor-3_0 - sqlmesh.core.snapshot.evaluator - INFO - Inserting batch (2026-06-10 00:00:00, 2026-06-11 00:00:00) into postgres.sqlmesh__staging.staging__stg_team_groups__3694761088' (evaluator.py:1003)
2026-06-17 13:13:53,222 - ThreadPoolExecutor-3_0 - sqlmesh.core.engine_adapter.base - INFO - Executing SQL: /* SQLMESH_PLAN: 010385fcdd3d458f82fb2eb99710fafd */ SELECT "attname" AS "column_name", "pg_catalog".format_type("atttypid", "atttypmod") AS "data_type" FROM "pg_catalog"."pg_attribute" JOIN "pg_catalog"."pg_class" ON "pg_class"."oid" = "attrelid" JOIN "pg_catalog"."pg_namespace" ON "pg_namespace"."oid" = "relnamespace" WHERE ("attnum" > 0 AND NOT "attisdropped" AND "relname" = 'staging__stg_team_groups__3694761088') AND "nspname" = 'sqlmesh__staging' (base.py:2629)
2026-06-17 13:13:53,297 - ThreadPoolExecutor-3_0 - sqlmesh.core.engine_adapter.base - INFO - Executing SQL: /* SQLMESH_PLAN: 010385fcdd3d458f82fb2eb99710fafd */ CREATE TABLE IF NOT EXISTS "sqlmesh__staging"."staging__stg_team_groups__3694761088" AS SELECT "team" AS "team", "group_name" AS "group_name" FROM "postgres"."public"."staging_teams_groups" AS "staging_teams_groups" (base.py:2629)
2026-06-17 13:13:53,733 - ThreadPoolExecutor-3_0 - sqlmesh.core.state_sync.db.facade - INFO - Adding interval (2026-06-10 00:00:00, 2026-06-11 00:00:00) for snapshot SnapshotId<"postgres"."staging"."stg_team_groups": 1882441959> (facade.py:639)
2026-06-17 13:13:53,734 - ThreadPoolExecutor-3_0 - sqlmesh.core.state_sync.db.interval - INFO - Pushing intervals for snapshot SnapshotId<"postgres"."staging"."stg_team_groups": 1882441959> (interval.py:215)
2026-06-17 13:13:53,843 - MainThread - sqlmesh.core.plan.evaluator - INFO - Evaluating plan stage EnvironmentRecordUpdateStage (evaluator.py:123)
2026-06-17 13:13:53,915 - MainThread - sqlmesh.core.state_sync.db.facade - INFO - Promoting environment 'prod' (facade.py:167)
2026-06-17 13:13:54,201 - MainThread - sqlmesh.core.plan.evaluator - INFO - Evaluating plan stage UnpauseStage (evaluator.py:123)
2026-06-17 13:13:54,444 - MainThread - sqlmesh.core.plan.evaluator - INFO - Evaluating plan stage VirtualLayerUpdateStage (evaluator.py:123)
2026-06-17 13:13:54,461 - ThreadPoolExecutor-4_0 - sqlmesh.core.snapshot.evaluator - INFO - Creating schema 'postgres.staging' (evaluator.py:1468)
2026-06-17 13:13:54,702 - ThreadPoolExecutor-4_0 - sqlmesh.core.engine_adapter.base - INFO - Executing SQL: /* SQLMESH_PLAN: 010385fcdd3d458f82fb2eb99710fafd */ CREATE SCHEMA IF NOT EXISTS "staging" (base.py:2629)
2026-06-17 13:13:54,818 - ThreadPoolExecutor-5_0 - sqlmesh.core.snapshot.evaluator - INFO - Listing data objects in schema postgres.staging (evaluator.py:1635)
2026-06-17 13:13:55,057 - ThreadPoolExecutor-5_0 - sqlmesh.core.engine_adapter.base - INFO - Executing SQL: /* SQLMESH_PLAN: 010385fcdd3d458f82fb2eb99710fafd */ SELECT current_catalog (base.py:2629)
2026-06-17 13:13:55,540 - ThreadPoolExecutor-6_0 - sqlmesh.core.snapshot.evaluator - INFO - Updating view 'postgres.staging.stg_team_groups' to point at table 'postgres.sqlmesh__staging.staging__stg_team_groups__3694761088' (evaluator.py:2007)
2026-06-17 13:13:55,543 - ThreadPoolExecutor-6_0 - sqlmesh.core.engine_adapter.base - INFO - Executing SQL: /* SQLMESH_PLAN: 010385fcdd3d458f82fb2eb99710fafd */ DROP VIEW IF EXISTS "staging"."stg_team_groups" CASCADE (base.py:2629)
2026-06-17 13:13:55,620 - ThreadPoolExecutor-6_0 - sqlmesh.core.engine_adapter.base - INFO - Executing SQL: /* SQLMESH_PLAN: 010385fcdd3d458f82fb2eb99710fafd */ CREATE VIEW "staging"."stg_team_groups" AS SELECT * FROM "postgres"."sqlmesh__staging"."staging__stg_team_groups__3694761088" (base.py:2629)
2026-06-17 13:13:55,712 - MainThread - sqlmesh.core.plan.evaluator - INFO - Evaluating plan stage FinalizeEnvironmentStage (evaluator.py:123)
2026-06-17 13:13:55,791 - MainThread - sqlmesh.core.state_sync.db.environment - INFO - Finalizing environment 'prod' (environment.py:141)
2026-06-17 13:13:55,903 - MainThread - root - INFO - Shutting down the event dispatcher (dispatcher.py:159)
