2026-06-18 05:02:16,513 - MainThread - sqlmesh.core.config.connection - INFO - Creating new DuckDB adapter for in-memory database (connection.py:503)
2026-06-18 05:02:30,621 - MainThread - sqlmesh.core.plan.evaluator - INFO - Evaluating plan stage CreateSnapshotRecordsStage (evaluator.py:123)
2026-06-18 05:02:30,832 - MainThread - sqlmesh.core.plan.evaluator - INFO - Evaluating plan stage PhysicalLayerSchemaCreationStage (evaluator.py:123)
2026-06-18 05:02:30,832 - ThreadPoolExecutor-1_0 - sqlmesh.core.snapshot.evaluator - INFO - Creating schema 'postgres.sqlmesh__sqlmesh_example' (evaluator.py:1468)
2026-06-18 05:02:30,832 - ThreadPoolExecutor-1_1 - sqlmesh.core.snapshot.evaluator - INFO - Creating schema 'postgres.sqlmesh__sqlmesh' (evaluator.py:1468)
2026-06-18 05:02:30,832 - ThreadPoolExecutor-1_2 - sqlmesh.core.snapshot.evaluator - INFO - Creating schema 'postgres.sqlmesh__marts' (evaluator.py:1468)
2026-06-18 05:02:31,082 - ThreadPoolExecutor-1_0 - sqlmesh.core.engine_adapter.base - INFO - Executing SQL: /* SQLMESH_PLAN: a752f0fc4e7243a6a63b0ffea36bf44a */ CREATE SCHEMA IF NOT EXISTS "sqlmesh__sqlmesh_example" (base.py:2629)
2026-06-18 05:02:31,315 - ThreadPoolExecutor-1_1 - sqlmesh.core.engine_adapter.base - INFO - Executing SQL: /* SQLMESH_PLAN: a752f0fc4e7243a6a63b0ffea36bf44a */ CREATE SCHEMA IF NOT EXISTS "sqlmesh__sqlmesh" (base.py:2629)
2026-06-18 05:02:31,572 - ThreadPoolExecutor-1_2 - sqlmesh.core.engine_adapter.base - INFO - Executing SQL: /* SQLMESH_PLAN: a752f0fc4e7243a6a63b0ffea36bf44a */ CREATE SCHEMA IF NOT EXISTS "sqlmesh__marts" (base.py:2629)
2026-06-18 05:02:31,682 - MainThread - sqlmesh.core.plan.evaluator - INFO - Evaluating plan stage BackfillStage (evaluator.py:123)
2026-06-18 05:02:31,697 - ThreadPoolExecutor-2_0 - sqlmesh.core.snapshot.evaluator - INFO - Listing data objects in schema postgres.sqlmesh__marts (evaluator.py:1635)
2026-06-18 05:02:31,951 - ThreadPoolExecutor-2_0 - sqlmesh.core.engine_adapter.base - INFO - Executing SQL: /* SQLMESH_PLAN: a752f0fc4e7243a6a63b0ffea36bf44a */ SELECT current_catalog (base.py:2629)
2026-06-18 05:02:32,192 - ThreadPoolExecutor-3_0 - sqlmesh.core.snapshot.evaluator - INFO - Evaluating snapshot SnapshotId<"postgres"."marts"."fct_wc_group_stage_results": 3455253685> (evaluator.py:730)
2026-06-18 05:02:32,433 - ThreadPoolExecutor-3_0 - sqlmesh.core.snapshot.evaluator - INFO - Inserting data for snapshot SnapshotId<"postgres"."marts"."fct_wc_group_stage_results": 3455253685> (evaluator.py:971)
2026-06-18 05:02:32,483 - ThreadPoolExecutor-3_0 - sqlmesh.core.snapshot.evaluator - INFO - Inserting batch (2026-06-10 00:00:00, 2026-06-11 00:00:00) into postgres.sqlmesh__marts.marts__fct_wc_group_stage_results__2265186405' (evaluator.py:1003)
2026-06-18 05:02:32,486 - ThreadPoolExecutor-3_0 - sqlmesh.core.engine_adapter.base - INFO - Executing SQL: /* SQLMESH_PLAN: a752f0fc4e7243a6a63b0ffea36bf44a */ SELECT "attname" AS "column_name", "pg_catalog".format_type("atttypid", "atttypmod") AS "data_type" FROM "pg_catalog"."pg_attribute" JOIN "pg_catalog"."pg_class" ON "pg_class"."oid" = "attrelid" JOIN "pg_catalog"."pg_namespace" ON "pg_namespace"."oid" = "relnamespace" WHERE ("attnum" > 0 AND NOT "attisdropped" AND "relname" = 'marts__fct_wc_group_stage_results__2265186405') AND "nspname" = 'sqlmesh__marts' (base.py:2629)
2026-06-18 05:02:32,575 - ThreadPoolExecutor-3_0 - sqlmesh.core.engine_adapter.base - INFO - Executing SQL: /* SQLMESH_PLAN: a752f0fc4e7243a6a63b0ffea36bf44a */ CREATE TABLE IF NOT EXISTS "sqlmesh__marts"."marts__fct_wc_group_stage_results__2265186405" AS WITH "match_outcomes" AS (SELECT "stg_wc_matches"."home_team_id" AS "team_id", "stg_wc_matches"."score_home" AS "goals_for", "stg_wc_matches"."score_away" AS "goals_against", CASE WHEN "stg_wc_matches"."score_away" < "stg_wc_matches"."score_home" THEN 3 WHEN "stg_wc_matches"."score_away" = "stg_wc_matches"."score_home" THEN 1 ELSE 0 END AS "points" FROM "postgres"."sqlmesh__sqlmesh"."sqlmesh__stg_wc_matches__876944353" AS "stg_wc_matches" UNION ALL SELECT "stg_wc_matches"."away_team_id" AS "team_id", "stg_wc_matches"."score_away" AS "goals_for", "stg_wc_matches"."score_home" AS "goals_against", CASE WHEN "stg_wc_matches"."score_away" > "stg_wc_matches"."score_home" THEN 3 WHEN "stg_wc_matches"."score_away" = "stg_wc_matches"."score_home" THEN 1 ELSE 0 END AS "points" FROM "postgres"."sqlmesh__sqlmesh"."sqlmesh__stg_wc_matches__876944353" AS "stg_wc_matches") SELECT "g"."group_name" AS "group_name", "t"."team_name" AS "country_name", COUNT(*) AS "games_played", SUM("o"."goals_for") AS "goals_for", SUM("o"."goals_against") AS "goals_against", SUM("o"."goals_for") - SUM("o"."goals_against") AS "goal_difference", SUM("o"."points") AS "points" FROM "match_outcomes" AS "o" JOIN "postgres"."sqlmesh__sqlmesh"."sqlmesh__stg_wc_teams__3978885776" AS "t" ON "o"."team_id" = "t"."team_id" JOIN "postgres"."sqlmesh__sqlmesh"."sqlmesh__stg_team_groups__2486787333" AS "g" ON "g"."team" = "t"."team_name" GROUP BY "g"."group_name", "t"."team_name" ORDER BY "group_name" ASC, "points" DESC, "goal_difference" DESC (base.py:2629)
2026-06-18 05:02:33,000 - ThreadPoolExecutor-3_0 - sqlmesh.core.state_sync.db.facade - INFO - Adding interval (2026-06-10 00:00:00, 2026-06-11 00:00:00) for snapshot SnapshotId<"postgres"."marts"."fct_wc_group_stage_results": 3455253685> (facade.py:639)
2026-06-18 05:02:33,001 - ThreadPoolExecutor-3_0 - sqlmesh.core.state_sync.db.interval - INFO - Pushing intervals for snapshot SnapshotId<"postgres"."marts"."fct_wc_group_stage_results": 3455253685> (interval.py:215)
2026-06-18 05:02:33,099 - MainThread - sqlmesh.core.plan.evaluator - INFO - Evaluating plan stage EnvironmentRecordUpdateStage (evaluator.py:123)
2026-06-18 05:02:33,172 - MainThread - sqlmesh.core.state_sync.db.facade - INFO - Promoting environment 'prod' (facade.py:167)
2026-06-18 05:02:33,449 - MainThread - sqlmesh.core.plan.evaluator - INFO - Evaluating plan stage UnpauseStage (evaluator.py:123)
2026-06-18 05:02:33,682 - MainThread - sqlmesh.core.plan.evaluator - INFO - Evaluating plan stage VirtualLayerUpdateStage (evaluator.py:123)
2026-06-18 05:02:33,682 - ThreadPoolExecutor-4_0 - sqlmesh.core.snapshot.evaluator - INFO - Creating schema 'postgres.marts' (evaluator.py:1468)
2026-06-18 05:02:33,682 - ThreadPoolExecutor-4_1 - sqlmesh.core.snapshot.evaluator - INFO - Creating schema 'postgres.sqlmesh' (evaluator.py:1468)
2026-06-18 05:02:33,945 - ThreadPoolExecutor-4_0 - sqlmesh.core.engine_adapter.base - INFO - Executing SQL: /* SQLMESH_PLAN: a752f0fc4e7243a6a63b0ffea36bf44a */ CREATE SCHEMA IF NOT EXISTS "marts" (base.py:2629)
2026-06-18 05:02:34,194 - ThreadPoolExecutor-4_1 - sqlmesh.core.engine_adapter.base - INFO - Executing SQL: /* SQLMESH_PLAN: a752f0fc4e7243a6a63b0ffea36bf44a */ CREATE SCHEMA IF NOT EXISTS "sqlmesh" (base.py:2629)
2026-06-18 05:02:34,311 - ThreadPoolExecutor-5_0 - sqlmesh.core.snapshot.evaluator - INFO - Listing data objects in schema postgres.sqlmesh (evaluator.py:1635)
2026-06-18 05:02:34,312 - ThreadPoolExecutor-5_1 - sqlmesh.core.snapshot.evaluator - INFO - Listing data objects in schema postgres.marts (evaluator.py:1635)
2026-06-18 05:02:34,579 - ThreadPoolExecutor-5_0 - sqlmesh.core.engine_adapter.base - INFO - Executing SQL: /* SQLMESH_PLAN: a752f0fc4e7243a6a63b0ffea36bf44a */ SELECT current_catalog (base.py:2629)
2026-06-18 05:02:34,833 - ThreadPoolExecutor-5_1 - sqlmesh.core.engine_adapter.base - INFO - Executing SQL: /* SQLMESH_PLAN: a752f0fc4e7243a6a63b0ffea36bf44a */ SELECT current_catalog (base.py:2629)
2026-06-18 05:02:35,349 - ThreadPoolExecutor-6_0 - sqlmesh.core.snapshot.evaluator - INFO - Updating view 'postgres.sqlmesh.stg_team_groups' to point at table 'postgres.sqlmesh__sqlmesh.sqlmesh__stg_team_groups__2486787333' (evaluator.py:2007)
2026-06-18 05:02:35,351 - ThreadPoolExecutor-6_0 - sqlmesh.core.engine_adapter.base - INFO - Executing SQL: /* SQLMESH_PLAN: a752f0fc4e7243a6a63b0ffea36bf44a */ DROP VIEW IF EXISTS "sqlmesh"."stg_team_groups" CASCADE (base.py:2629)
2026-06-18 05:02:35,427 - ThreadPoolExecutor-6_0 - sqlmesh.core.engine_adapter.base - INFO - Executing SQL: /* SQLMESH_PLAN: a752f0fc4e7243a6a63b0ffea36bf44a */ CREATE VIEW "sqlmesh"."stg_team_groups" AS SELECT * FROM "postgres"."sqlmesh__sqlmesh"."sqlmesh__stg_team_groups__2486787333" (base.py:2629)
2026-06-18 05:02:35,787 - ThreadPoolExecutor-6_1 - sqlmesh.core.snapshot.evaluator - INFO - Updating view 'postgres.marts.fct_wc_group_stage_results' to point at table 'postgres.sqlmesh__marts.marts__fct_wc_group_stage_results__2265186405' (evaluator.py:2007)
2026-06-18 05:02:35,789 - ThreadPoolExecutor-6_1 - sqlmesh.core.engine_adapter.base - INFO - Executing SQL: /* SQLMESH_PLAN: a752f0fc4e7243a6a63b0ffea36bf44a */ DROP VIEW IF EXISTS "marts"."fct_wc_group_stage_results" CASCADE (base.py:2629)
2026-06-18 05:02:35,865 - ThreadPoolExecutor-6_1 - sqlmesh.core.engine_adapter.base - INFO - Executing SQL: /* SQLMESH_PLAN: a752f0fc4e7243a6a63b0ffea36bf44a */ CREATE VIEW "marts"."fct_wc_group_stage_results" AS SELECT * FROM "postgres"."sqlmesh__marts"."marts__fct_wc_group_stage_results__2265186405" (base.py:2629)
2026-06-18 05:02:36,198 - ThreadPoolExecutor-7_0 - sqlmesh.core.snapshot.evaluator - INFO - Dropping view 'postgres.staging.stg_team_groups' (evaluator.py:2038)
2026-06-18 05:02:36,199 - ThreadPoolExecutor-7_0 - sqlmesh.core.engine_adapter.base - INFO - Executing SQL: /* SQLMESH_PLAN: a752f0fc4e7243a6a63b0ffea36bf44a */ DROP VIEW IF EXISTS "staging"."stg_team_groups" (base.py:2629)
2026-06-18 05:02:36,332 - MainThread - sqlmesh.core.plan.evaluator - INFO - Evaluating plan stage FinalizeEnvironmentStage (evaluator.py:123)
2026-06-18 05:02:36,404 - MainThread - sqlmesh.core.state_sync.db.environment - INFO - Finalizing environment 'prod' (environment.py:141)
2026-06-18 05:02:36,516 - MainThread - root - INFO - Shutting down the event dispatcher (dispatcher.py:159)
