2026-06-11 20:02:15,165 - MainThread - sqlmesh.core.config.connection - INFO - Creating new DuckDB adapter for in-memory database (connection.py:503)
2026-06-11 20:02:27,126 - MainThread - sqlmesh.core.plan.evaluator - INFO - Evaluating plan stage CreateSnapshotRecordsStage (evaluator.py:123)
2026-06-11 20:02:27,339 - MainThread - sqlmesh.core.plan.evaluator - INFO - Evaluating plan stage PhysicalLayerSchemaCreationStage (evaluator.py:123)
2026-06-11 20:02:27,339 - ThreadPoolExecutor-1_0 - sqlmesh.core.snapshot.evaluator - INFO - Creating schema 'postgres.sqlmesh__sqlmesh_example' (evaluator.py:1468)
2026-06-11 20:02:27,339 - ThreadPoolExecutor-1_1 - sqlmesh.core.snapshot.evaluator - INFO - Creating schema 'postgres.sqlmesh__sqlmesh' (evaluator.py:1468)
2026-06-11 20:02:27,596 - ThreadPoolExecutor-1_0 - sqlmesh.core.engine_adapter.base - INFO - Executing SQL: /* SQLMESH_PLAN: c1a56b9737ad4f6f81edf1e06460da6f */ CREATE SCHEMA IF NOT EXISTS "sqlmesh__sqlmesh_example" (base.py:2629)
2026-06-11 20:02:27,852 - ThreadPoolExecutor-1_1 - sqlmesh.core.engine_adapter.base - INFO - Executing SQL: /* SQLMESH_PLAN: c1a56b9737ad4f6f81edf1e06460da6f */ CREATE SCHEMA IF NOT EXISTS "sqlmesh__sqlmesh" (base.py:2629)
2026-06-11 20:02:27,969 - MainThread - sqlmesh.core.plan.evaluator - INFO - Evaluating plan stage BackfillStage (evaluator.py:123)
2026-06-11 20:02:27,986 - ThreadPoolExecutor-2_0 - sqlmesh.core.snapshot.evaluator - INFO - Listing data objects in schema postgres.sqlmesh__sqlmesh (evaluator.py:1635)
2026-06-11 20:02:28,221 - ThreadPoolExecutor-2_0 - sqlmesh.core.engine_adapter.base - INFO - Executing SQL: /* SQLMESH_PLAN: c1a56b9737ad4f6f81edf1e06460da6f */ SELECT current_catalog (base.py:2629)
2026-06-11 20:02:28,454 - ThreadPoolExecutor-3_0 - sqlmesh.core.snapshot.evaluator - INFO - Evaluating snapshot SnapshotId<"postgres"."sqlmesh"."stg_wc_teams": 1304078129> (evaluator.py:730)
2026-06-11 20:02:28,712 - ThreadPoolExecutor-3_0 - sqlmesh.core.snapshot.evaluator - INFO - Inserting data for snapshot SnapshotId<"postgres"."sqlmesh"."stg_wc_teams": 1304078129> (evaluator.py:971)
2026-06-11 20:02:28,720 - ThreadPoolExecutor-3_0 - sqlmesh.core.snapshot.evaluator - INFO - Inserting batch (2026-06-10 00:00:00, 2026-06-11 00:00:00) into postgres.sqlmesh__sqlmesh.sqlmesh__stg_wc_teams__3073348817' (evaluator.py:1003)
2026-06-11 20:02:28,720 - ThreadPoolExecutor-3_0 - sqlmesh.core.engine_adapter.base - INFO - Executing SQL: /* SQLMESH_PLAN: c1a56b9737ad4f6f81edf1e06460da6f */ CREATE TABLE IF NOT EXISTS "sqlmesh__sqlmesh"."sqlmesh__stg_wc_teams__3073348817" AS SELECT CAST("team_id" AS INT) AS "team_id", CAST("team_name" AS VARCHAR) AS "team_name", CAST("tla" AS VARCHAR) AS "tla", CAST("crest_url" AS TEXT) AS "crest_url" FROM (SELECT CAST("team_id" AS INT) AS "team_id", CAST("name" AS VARCHAR) AS "team_name", CAST("tla" AS VARCHAR) AS "tla", CAST("crest_url" AS TEXT) AS "crest_url" FROM "postgres"."public"."staging_wc_teams" AS "staging_wc_teams") AS "_subquery" (base.py:2629)
2026-06-11 20:02:29,187 - ThreadPoolExecutor-3_0 - sqlmesh.core.state_sync.db.facade - INFO - Adding interval (2026-06-10 00:00:00, 2026-06-11 00:00:00) for snapshot SnapshotId<"postgres"."sqlmesh"."stg_wc_teams": 1304078129> (facade.py:639)
2026-06-11 20:02:29,188 - ThreadPoolExecutor-3_0 - sqlmesh.core.state_sync.db.interval - INFO - Pushing intervals for snapshot SnapshotId<"postgres"."sqlmesh"."stg_wc_teams": 1304078129> (interval.py:215)
2026-06-11 20:02:29,287 - MainThread - sqlmesh.core.plan.evaluator - INFO - Evaluating plan stage EnvironmentRecordUpdateStage (evaluator.py:123)
2026-06-11 20:02:29,369 - MainThread - sqlmesh.core.state_sync.db.facade - INFO - Promoting environment 'prod' (facade.py:167)
2026-06-11 20:02:29,663 - MainThread - sqlmesh.core.plan.evaluator - INFO - Evaluating plan stage UnpauseStage (evaluator.py:123)
2026-06-11 20:02:29,893 - MainThread - sqlmesh.core.plan.evaluator - INFO - Evaluating plan stage VirtualLayerUpdateStage (evaluator.py:123)
2026-06-11 20:02:29,895 - ThreadPoolExecutor-4_0 - sqlmesh.core.snapshot.evaluator - INFO - Creating schema 'postgres.sqlmesh' (evaluator.py:1468)
2026-06-11 20:02:30,173 - ThreadPoolExecutor-4_0 - sqlmesh.core.engine_adapter.base - INFO - Executing SQL: /* SQLMESH_PLAN: c1a56b9737ad4f6f81edf1e06460da6f */ CREATE SCHEMA IF NOT EXISTS "sqlmesh" (base.py:2629)
2026-06-11 20:02:30,280 - ThreadPoolExecutor-5_0 - sqlmesh.core.snapshot.evaluator - INFO - Listing data objects in schema postgres.sqlmesh (evaluator.py:1635)
2026-06-11 20:02:30,545 - ThreadPoolExecutor-5_0 - sqlmesh.core.engine_adapter.base - INFO - Executing SQL: /* SQLMESH_PLAN: c1a56b9737ad4f6f81edf1e06460da6f */ SELECT current_catalog (base.py:2629)
2026-06-11 20:02:31,025 - ThreadPoolExecutor-6_0 - sqlmesh.core.snapshot.evaluator - INFO - Updating view 'postgres.sqlmesh.stg_wc_teams' to point at table 'postgres.sqlmesh__sqlmesh.sqlmesh__stg_wc_teams__3073348817' (evaluator.py:2007)
2026-06-11 20:02:31,027 - ThreadPoolExecutor-6_0 - sqlmesh.core.engine_adapter.base - INFO - Executing SQL: /* SQLMESH_PLAN: c1a56b9737ad4f6f81edf1e06460da6f */ DROP VIEW IF EXISTS "sqlmesh"."stg_wc_teams" CASCADE (base.py:2629)
2026-06-11 20:02:31,112 - ThreadPoolExecutor-6_0 - sqlmesh.core.engine_adapter.base - INFO - Executing SQL: /* SQLMESH_PLAN: c1a56b9737ad4f6f81edf1e06460da6f */ CREATE VIEW "sqlmesh"."stg_wc_teams" AS SELECT * FROM "postgres"."sqlmesh__sqlmesh"."sqlmesh__stg_wc_teams__3073348817" (base.py:2629)
2026-06-11 20:02:31,195 - MainThread - sqlmesh.core.plan.evaluator - INFO - Evaluating plan stage FinalizeEnvironmentStage (evaluator.py:123)
2026-06-11 20:02:31,280 - MainThread - sqlmesh.core.state_sync.db.environment - INFO - Finalizing environment 'prod' (environment.py:141)
2026-06-11 20:02:31,397 - MainThread - root - INFO - Shutting down the event dispatcher (dispatcher.py:159)
