2026-06-11 20:15:16,088 - MainThread - sqlmesh.core.config.connection - INFO - Creating new DuckDB adapter for in-memory database (connection.py:503)
2026-06-11 20:15:38,089 - MainThread - sqlmesh.core.plan.evaluator - INFO - Evaluating plan stage CreateSnapshotRecordsStage (evaluator.py:123)
2026-06-11 20:15:38,304 - MainThread - sqlmesh.core.plan.evaluator - INFO - Evaluating plan stage PhysicalLayerSchemaCreationStage (evaluator.py:123)
2026-06-11 20:15:38,304 - ThreadPoolExecutor-1_0 - sqlmesh.core.snapshot.evaluator - INFO - Creating schema 'postgres.sqlmesh__sqlmesh' (evaluator.py:1468)
2026-06-11 20:15:38,304 - ThreadPoolExecutor-1_1 - sqlmesh.core.snapshot.evaluator - INFO - Creating schema 'postgres.sqlmesh__sqlmesh_example' (evaluator.py:1468)
2026-06-11 20:15:38,611 - ThreadPoolExecutor-1_0 - sqlmesh.core.engine_adapter.base - INFO - Executing SQL: /* SQLMESH_PLAN: 549f47a9506b4e85aed405d4c2540dfe */ CREATE SCHEMA IF NOT EXISTS "sqlmesh__sqlmesh" (base.py:2629)
2026-06-11 20:15:38,857 - ThreadPoolExecutor-1_1 - sqlmesh.core.engine_adapter.base - INFO - Executing SQL: /* SQLMESH_PLAN: 549f47a9506b4e85aed405d4c2540dfe */ CREATE SCHEMA IF NOT EXISTS "sqlmesh__sqlmesh_example" (base.py:2629)
2026-06-11 20:15:38,971 - MainThread - sqlmesh.core.plan.evaluator - INFO - Evaluating plan stage BackfillStage (evaluator.py:123)
2026-06-11 20:15:38,973 - ThreadPoolExecutor-2_0 - sqlmesh.core.snapshot.evaluator - INFO - Listing data objects in schema postgres.sqlmesh__sqlmesh (evaluator.py:1635)
2026-06-11 20:15:39,223 - ThreadPoolExecutor-2_0 - sqlmesh.core.engine_adapter.base - INFO - Executing SQL: /* SQLMESH_PLAN: 549f47a9506b4e85aed405d4c2540dfe */ SELECT current_catalog (base.py:2629)
2026-06-11 20:15:39,465 - ThreadPoolExecutor-3_0 - sqlmesh.core.snapshot.evaluator - INFO - Evaluating snapshot SnapshotId<"postgres"."sqlmesh"."dim_teams_ranked": 2979991419> (evaluator.py:730)
2026-06-11 20:15:39,723 - ThreadPoolExecutor-3_0 - sqlmesh.core.snapshot.evaluator - INFO - Inserting data for snapshot SnapshotId<"postgres"."sqlmesh"."dim_teams_ranked": 2979991419> (evaluator.py:971)
2026-06-11 20:15:39,740 - ThreadPoolExecutor-3_0 - sqlmesh.core.snapshot.evaluator - INFO - Inserting batch (2026-06-10 00:00:00, 2026-06-11 00:00:00) into postgres.sqlmesh__sqlmesh.sqlmesh__dim_teams_ranked__897316605' (evaluator.py:1003)
2026-06-11 20:15:39,740 - ThreadPoolExecutor-3_0 - sqlmesh.core.engine_adapter.base - INFO - Executing SQL: /* SQLMESH_PLAN: 549f47a9506b4e85aed405d4c2540dfe */ SELECT "attname" AS "column_name", "pg_catalog".format_type("atttypid", "atttypmod") AS "data_type" FROM "pg_catalog"."pg_attribute" JOIN "pg_catalog"."pg_class" ON "pg_class"."oid" = "attrelid" JOIN "pg_catalog"."pg_namespace" ON "pg_namespace"."oid" = "relnamespace" WHERE ("attnum" > 0 AND NOT "attisdropped" AND "relname" = 'sqlmesh__dim_teams_ranked__897316605') AND "nspname" = 'sqlmesh__sqlmesh' (base.py:2629)
2026-06-11 20:15:39,829 - ThreadPoolExecutor-3_0 - sqlmesh.core.engine_adapter.base - INFO - Executing SQL: /* SQLMESH_PLAN: 549f47a9506b4e85aed405d4c2540dfe */ CREATE TABLE IF NOT EXISTS "sqlmesh__sqlmesh"."sqlmesh__dim_teams_ranked__897316605" AS SELECT "t"."team_id" AS "team_id", "t"."team_name" AS "team_name", "t"."tla" AS "tla", "t"."crest_url" AS "crest_url", "r"."fifa_rank" AS "fifa_rank" FROM "postgres"."sqlmesh__sqlmesh"."sqlmesh__stg_wc_teams__3978885776" AS "t" LEFT JOIN "postgres"."sqlmesh__sqlmesh"."sqlmesh__stg_wc_rankings__3623047409" AS "r" ON "r"."country_name" = "t"."team_name" (base.py:2629)
2026-06-11 20:15:40,240 - ThreadPoolExecutor-3_0 - sqlmesh.core.state_sync.db.facade - INFO - Adding interval (2026-06-10 00:00:00, 2026-06-11 00:00:00) for snapshot SnapshotId<"postgres"."sqlmesh"."dim_teams_ranked": 2979991419> (facade.py:639)
2026-06-11 20:15:40,240 - ThreadPoolExecutor-3_0 - sqlmesh.core.state_sync.db.interval - INFO - Pushing intervals for snapshot SnapshotId<"postgres"."sqlmesh"."dim_teams_ranked": 2979991419> (interval.py:215)
2026-06-11 20:15:40,354 - MainThread - sqlmesh.core.plan.evaluator - INFO - Evaluating plan stage EnvironmentRecordUpdateStage (evaluator.py:123)
2026-06-11 20:15:40,424 - MainThread - sqlmesh.core.state_sync.db.facade - INFO - Promoting environment 'prod' (facade.py:167)
2026-06-11 20:15:40,729 - MainThread - sqlmesh.core.plan.evaluator - INFO - Evaluating plan stage UnpauseStage (evaluator.py:123)
2026-06-11 20:15:40,964 - MainThread - sqlmesh.core.plan.evaluator - INFO - Evaluating plan stage VirtualLayerUpdateStage (evaluator.py:123)
2026-06-11 20:15:40,973 - ThreadPoolExecutor-4_0 - sqlmesh.core.snapshot.evaluator - INFO - Creating schema 'postgres.sqlmesh' (evaluator.py:1468)
2026-06-11 20:15:41,238 - ThreadPoolExecutor-4_0 - sqlmesh.core.engine_adapter.base - INFO - Executing SQL: /* SQLMESH_PLAN: 549f47a9506b4e85aed405d4c2540dfe */ CREATE SCHEMA IF NOT EXISTS "sqlmesh" (base.py:2629)
2026-06-11 20:15:41,357 - ThreadPoolExecutor-5_0 - sqlmesh.core.snapshot.evaluator - INFO - Listing data objects in schema postgres.sqlmesh (evaluator.py:1635)
2026-06-11 20:15:41,603 - ThreadPoolExecutor-5_0 - sqlmesh.core.engine_adapter.base - INFO - Executing SQL: /* SQLMESH_PLAN: 549f47a9506b4e85aed405d4c2540dfe */ SELECT current_catalog (base.py:2629)
2026-06-11 20:15:42,108 - ThreadPoolExecutor-6_0 - sqlmesh.core.snapshot.evaluator - INFO - Updating view 'postgres.sqlmesh.stg_wc_rankings' to point at table 'postgres.sqlmesh__sqlmesh.sqlmesh__stg_wc_rankings__3623047409' (evaluator.py:2007)
2026-06-11 20:15:42,117 - ThreadPoolExecutor-6_0 - sqlmesh.core.engine_adapter.base - INFO - Executing SQL: /* SQLMESH_PLAN: 549f47a9506b4e85aed405d4c2540dfe */ DROP VIEW IF EXISTS "sqlmesh"."stg_wc_rankings" CASCADE (base.py:2629)
2026-06-11 20:15:42,190 - ThreadPoolExecutor-6_0 - sqlmesh.core.engine_adapter.base - INFO - Executing SQL: /* SQLMESH_PLAN: 549f47a9506b4e85aed405d4c2540dfe */ CREATE VIEW "sqlmesh"."stg_wc_rankings" AS SELECT * FROM "postgres"."sqlmesh__sqlmesh"."sqlmesh__stg_wc_rankings__3623047409" (base.py:2629)
2026-06-11 20:15:42,553 - ThreadPoolExecutor-6_1 - sqlmesh.core.snapshot.evaluator - INFO - Updating view 'postgres.sqlmesh.dim_teams_ranked' to point at table 'postgres.sqlmesh__sqlmesh.sqlmesh__dim_teams_ranked__897316605' (evaluator.py:2007)
2026-06-11 20:15:42,555 - ThreadPoolExecutor-6_1 - sqlmesh.core.engine_adapter.base - INFO - Executing SQL: /* SQLMESH_PLAN: 549f47a9506b4e85aed405d4c2540dfe */ DROP VIEW IF EXISTS "sqlmesh"."dim_teams_ranked" CASCADE (base.py:2629)
2026-06-11 20:15:42,636 - ThreadPoolExecutor-6_1 - sqlmesh.core.engine_adapter.base - INFO - Executing SQL: /* SQLMESH_PLAN: 549f47a9506b4e85aed405d4c2540dfe */ CREATE VIEW "sqlmesh"."dim_teams_ranked" AS SELECT * FROM "postgres"."sqlmesh__sqlmesh"."sqlmesh__dim_teams_ranked__897316605" (base.py:2629)
2026-06-11 20:15:42,729 - MainThread - sqlmesh.core.plan.evaluator - INFO - Evaluating plan stage FinalizeEnvironmentStage (evaluator.py:123)
2026-06-11 20:15:42,810 - MainThread - sqlmesh.core.state_sync.db.environment - INFO - Finalizing environment 'prod' (environment.py:141)
2026-06-11 20:15:42,923 - MainThread - root - INFO - Shutting down the event dispatcher (dispatcher.py:159)
